{"/Users/dmitrijli/Documents/code/github/ecommerce/apps/server/api/auth/login.ts": {"path":"/Users/dmitrijli/Documents/code/github/ecommerce/apps/server/api/auth/login.ts","statementMap":{"0":{"start":{"line":7,"column":2},"end":{"line":7,"column":null}},"1":{"start":{"line":7,"column":22},"end":{"line":7,"column":null}},"2":{"start":{"line":8,"column":2},"end":{"line":8,"column":null}},"3":{"start":{"line":8,"column":29},"end":{"line":8,"column":null}},"4":{"start":{"line":10,"column":2},"end":{"line":42,"column":null}},"5":{"start":{"line":11,"column":32},"end":{"line":11,"column":null}},"6":{"start":{"line":16,"column":4},"end":{"line":17,"column":null}},"7":{"start":{"line":17,"column":6},"end":{"line":17,"column":null}},"8":{"start":{"line":20,"column":10},"end":{"line":20,"column":39}},"9":{"start":{"line":21,"column":28},"end":{"line":24,"column":6}},"10":{"start":{"line":26,"column":4},"end":{"line":27,"column":null}},"11":{"start":{"line":27,"column":6},"end":{"line":27,"column":null}},"12":{"start":{"line":31,"column":30},"end":{"line":35,"column":15}},"13":{"start":{"line":37,"column":4},"end":{"line":40,"column":null}},"14":{"start":{"line":42,"column":4},"end":{"line":42,"column":null}}},"fnMap":{"0":{"name":"handler","decl":{"start":{"line":6,"column":30},"end":{"line":6,"column":38}},"loc":{"start":{"line":6,"column":79},"end":{"line":42,"column":null}},"line":6}},"branchMap":{"0":{"loc":{"start":{"line":7,"column":2},"end":{"line":7,"column":null}},"type":"if","locations":[{"start":{"line":7,"column":2},"end":{"line":7,"column":null}},{"start":{},"end":{}}],"line":7},"1":{"loc":{"start":{"line":8,"column":2},"end":{"line":8,"column":null}},"type":"if","locations":[{"start":{"line":8,"column":2},"end":{"line":8,"column":null}},{"start":{},"end":{}}],"line":8},"2":{"loc":{"start":{"line":16,"column":4},"end":{"line":17,"column":null}},"type":"if","locations":[{"start":{"line":16,"column":4},"end":{"line":17,"column":null}},{"start":{},"end":{}}],"line":16},"3":{"loc":{"start":{"line":16,"column":8},"end":{"line":16,"column":29}},"type":"binary-expr","locations":[{"start":{"line":16,"column":8},"end":{"line":16,"column":18}},{"start":{"line":16,"column":18},"end":{"line":16,"column":29}}],"line":16},"4":{"loc":{"start":{"line":26,"column":4},"end":{"line":27,"column":null}},"type":"if","locations":[{"start":{"line":26,"column":4},"end":{"line":27,"column":null}},{"start":{},"end":{}}],"line":26}},"s":{"0":6,"1":0,"2":6,"3":1,"4":5,"5":5,"6":5,"7":3,"8":2,"9":2,"10":2,"11":1,"12":1,"13":1,"14":4},"f":{"0":6},"b":{"0":[0,6],"1":[1,5],"2":[3,2],"3":[5,3],"4":[1,1]},"meta":{"lastBranch":5,"lastFunction":1,"lastStatement":15,"seen":{"f:6:30:6:38":0,"b:7:2:7:Infinity:undefined:undefined:undefined:undefined":0,"s:7:2:7:Infinity":0,"s:7:22:7:Infinity":1,"b:8:2:8:Infinity:undefined:undefined:undefined:undefined":1,"s:8:2:8:Infinity":2,"s:8:29:8:Infinity":3,"s:10:2:42:Infinity":4,"s:11:32:11:Infinity":5,"b:16:4:17:Infinity:undefined:undefined:undefined:undefined":2,"s:16:4:17:Infinity":6,"b:16:8:16:18:16:18:16:29":3,"s:17:6:17:Infinity":7,"s:20:10:20:39":8,"s:21:28:24:6":9,"b:26:4:27:Infinity:undefined:undefined:undefined:undefined":4,"s:26:4:27:Infinity":10,"s:27:6:27:Infinity":11,"s:31:30:35:15":12,"s:37:4:40:Infinity":13,"s:42:4:42:Infinity":14}}}
,"/Users/dmitrijli/Documents/code/github/ecommerce/apps/server/api/auth/refresh.ts": {"path":"/Users/dmitrijli/Documents/code/github/ecommerce/apps/server/api/auth/refresh.ts","statementMap":{"0":{"start":{"line":7,"column":2},"end":{"line":7,"column":null}},"1":{"start":{"line":7,"column":22},"end":{"line":7,"column":null}},"2":{"start":{"line":8,"column":2},"end":{"line":8,"column":null}},"3":{"start":{"line":8,"column":29},"end":{"line":8,"column":null}},"4":{"start":{"line":10,"column":2},"end":{"line":28,"column":null}},"5":{"start":{"line":11,"column":30},"end":{"line":11,"column":null}},"6":{"start":{"line":13,"column":4},"end":{"line":14,"column":null}},"7":{"start":{"line":14,"column":6},"end":{"line":14,"column":null}},"8":{"start":{"line":17,"column":10},"end":{"line":17,"column":39}},"9":{"start":{"line":18,"column":28},"end":{"line":18,"column":81}},"10":{"start":{"line":20,"column":4},"end":{"line":21,"column":null}},"11":{"start":{"line":21,"column":6},"end":{"line":21,"column":null}},"12":{"start":{"line":24,"column":4},"end":{"line":26,"column":null}},"13":{"start":{"line":28,"column":4},"end":{"line":28,"column":null}}},"fnMap":{"0":{"name":"handler","decl":{"start":{"line":6,"column":30},"end":{"line":6,"column":38}},"loc":{"start":{"line":6,"column":79},"end":{"line":28,"column":null}},"line":6}},"branchMap":{"0":{"loc":{"start":{"line":7,"column":2},"end":{"line":7,"column":null}},"type":"if","locations":[{"start":{"line":7,"column":2},"end":{"line":7,"column":null}},{"start":{},"end":{}}],"line":7},"1":{"loc":{"start":{"line":8,"column":2},"end":{"line":8,"column":null}},"type":"if","locations":[{"start":{"line":8,"column":2},"end":{"line":8,"column":null}},{"start":{},"end":{}}],"line":8},"2":{"loc":{"start":{"line":13,"column":4},"end":{"line":14,"column":null}},"type":"if","locations":[{"start":{"line":13,"column":4},"end":{"line":14,"column":null}},{"start":{},"end":{}}],"line":13},"3":{"loc":{"start":{"line":20,"column":4},"end":{"line":21,"column":null}},"type":"if","locations":[{"start":{"line":20,"column":4},"end":{"line":21,"column":null}},{"start":{},"end":{}}],"line":20}},"s":{"0":0,"1":0,"2":0,"3":0,"4":0,"5":0,"6":0,"7":0,"8":0,"9":0,"10":0,"11":0,"12":0,"13":0},"f":{"0":0},"b":{"0":[0,0],"1":[0,0],"2":[0,0],"3":[0,0]},"meta":{"lastBranch":4,"lastFunction":1,"lastStatement":14,"seen":{"f:6:30:6:38":0,"b:7:2:7:Infinity:undefined:undefined:undefined:undefined":0,"s:7:2:7:Infinity":0,"s:7:22:7:Infinity":1,"b:8:2:8:Infinity:undefined:undefined:undefined:undefined":1,"s:8:2:8:Infinity":2,"s:8:29:8:Infinity":3,"s:10:2:28:Infinity":4,"s:11:30:11:Infinity":5,"b:13:4:14:Infinity:undefined:undefined:undefined:undefined":2,"s:13:4:14:Infinity":6,"s:14:6:14:Infinity":7,"s:17:10:17:39":8,"s:18:28:18:81":9,"b:20:4:21:Infinity:undefined:undefined:undefined:undefined":3,"s:20:4:21:Infinity":10,"s:21:6:21:Infinity":11,"s:24:4:26:Infinity":12,"s:28:4:28:Infinity":13}}}
,"/Users/dmitrijli/Documents/code/github/ecommerce/apps/server/api/auth/register.ts": {"path":"/Users/dmitrijli/Documents/code/github/ecommerce/apps/server/api/auth/register.ts","statementMap":{"0":{"start":{"line":7,"column":2},"end":{"line":7,"column":null}},"1":{"start":{"line":7,"column":22},"end":{"line":7,"column":null}},"2":{"start":{"line":8,"column":2},"end":{"line":8,"column":null}},"3":{"start":{"line":8,"column":29},"end":{"line":8,"column":null}},"4":{"start":{"line":10,"column":2},"end":{"line":62,"column":null}},"5":{"start":{"line":11,"column":43},"end":{"line":11,"column":null}},"6":{"start":{"line":17,"column":4},"end":{"line":18,"column":null}},"7":{"start":{"line":18,"column":6},"end":{"line":18,"column":null}},"8":{"start":{"line":21,"column":10},"end":{"line":21,"column":39}},"9":{"start":{"line":24,"column":49},"end":{"line":28,"column":6}},"10":{"start":{"line":30,"column":4},"end":{"line":31,"column":null}},"11":{"start":{"line":31,"column":6},"end":{"line":31,"column":null}},"12":{"start":{"line":35,"column":36},"end":{"line":41,"column":8}},"13":{"start":{"line":43,"column":4},"end":{"line":44,"column":null}},"14":{"start":{"line":44,"column":6},"end":{"line":44,"column":null}},"15":{"start":{"line":48,"column":50},"end":{"line":51,"column":6}},"16":{"start":{"line":53,"column":4},"end":{"line":54,"column":null}},"17":{"start":{"line":54,"column":6},"end":{"line":54,"column":null}},"18":{"start":{"line":57,"column":4},"end":{"line":60,"column":null}},"19":{"start":{"line":62,"column":4},"end":{"line":62,"column":null}}},"fnMap":{"0":{"name":"handler","decl":{"start":{"line":6,"column":30},"end":{"line":6,"column":38}},"loc":{"start":{"line":6,"column":79},"end":{"line":62,"column":null}},"line":6}},"branchMap":{"0":{"loc":{"start":{"line":7,"column":2},"end":{"line":7,"column":null}},"type":"if","locations":[{"start":{"line":7,"column":2},"end":{"line":7,"column":null}},{"start":{},"end":{}}],"line":7},"1":{"loc":{"start":{"line":8,"column":2},"end":{"line":8,"column":null}},"type":"if","locations":[{"start":{"line":8,"column":2},"end":{"line":8,"column":null}},{"start":{},"end":{}}],"line":8},"2":{"loc":{"start":{"line":17,"column":4},"end":{"line":18,"column":null}},"type":"if","locations":[{"start":{"line":17,"column":4},"end":{"line":18,"column":null}},{"start":{},"end":{}}],"line":17},"3":{"loc":{"start":{"line":17,"column":8},"end":{"line":17,"column":43}},"type":"binary-expr","locations":[{"start":{"line":17,"column":8},"end":{"line":17,"column":18}},{"start":{"line":17,"column":18},"end":{"line":17,"column":31}},{"start":{"line":17,"column":31},"end":{"line":17,"column":43}}],"line":17},"4":{"loc":{"start":{"line":30,"column":4},"end":{"line":31,"column":null}},"type":"if","locations":[{"start":{"line":30,"column":4},"end":{"line":31,"column":null}},{"start":{},"end":{}}],"line":30},"5":{"loc":{"start":{"line":43,"column":4},"end":{"line":44,"column":null}},"type":"if","locations":[{"start":{"line":43,"column":4},"end":{"line":44,"column":null}},{"start":{},"end":{}}],"line":43},"6":{"loc":{"start":{"line":53,"column":4},"end":{"line":54,"column":null}},"type":"if","locations":[{"start":{"line":53,"column":4},"end":{"line":54,"column":null}},{"start":{},"end":{}}],"line":53}},"s":{"0":6,"1":0,"2":6,"3":1,"4":5,"5":5,"6":5,"7":3,"8":2,"9":2,"10":2,"11":1,"12":1,"13":1,"14":0,"15":1,"16":1,"17":0,"18":1,"19":4},"f":{"0":6},"b":{"0":[0,6],"1":[1,5],"2":[3,2],"3":[5,3,3],"4":[1,1],"5":[0,1],"6":[0,1]},"meta":{"lastBranch":7,"lastFunction":1,"lastStatement":20,"seen":{"f:6:30:6:38":0,"b:7:2:7:Infinity:undefined:undefined:undefined:undefined":0,"s:7:2:7:Infinity":0,"s:7:22:7:Infinity":1,"b:8:2:8:Infinity:undefined:undefined:undefined:undefined":1,"s:8:2:8:Infinity":2,"s:8:29:8:Infinity":3,"s:10:2:62:Infinity":4,"s:11:43:11:Infinity":5,"b:17:4:18:Infinity:undefined:undefined:undefined:undefined":2,"s:17:4:18:Infinity":6,"b:17:8:17:18:17:18:17:31:17:31:17:43":3,"s:18:6:18:Infinity":7,"s:21:10:21:39":8,"s:24:49:28:6":9,"b:30:4:31:Infinity:undefined:undefined:undefined:undefined":4,"s:30:4:31:Infinity":10,"s:31:6:31:Infinity":11,"s:35:36:41:8":12,"b:43:4:44:Infinity:undefined:undefined:undefined:undefined":5,"s:43:4:44:Infinity":13,"s:44:6:44:Infinity":14,"s:48:50:51:6":15,"b:53:4:54:Infinity:undefined:undefined:undefined:undefined":6,"s:53:4:54:Infinity":16,"s:54:6:54:Infinity":17,"s:57:4:60:Infinity":18,"s:62:4:62:Infinity":19}}}
,"/Users/dmitrijli/Documents/code/github/ecommerce/apps/server/api/cart/[id].ts": {"path":"/Users/dmitrijli/Documents/code/github/ecommerce/apps/server/api/cart/[id].ts","statementMap":{"0":{"start":{"line":8,"column":2},"end":{"line":8,"column":null}},"1":{"start":{"line":8,"column":22},"end":{"line":8,"column":null}},"2":{"start":{"line":9,"column":2},"end":{"line":51,"column":null}},"3":{"start":{"line":10,"column":17},"end":{"line":10,"column":44}},"4":{"start":{"line":11,"column":4},"end":{"line":11,"column":null}},"5":{"start":{"line":11,"column":15},"end":{"line":11,"column":null}},"6":{"start":{"line":13,"column":19},"end":{"line":13,"column":null}},"7":{"start":{"line":14,"column":10},"end":{"line":14,"column":39}},"8":{"start":{"line":16,"column":4},"end":{"line":48,"column":null}},"9":{"start":{"line":18,"column":29},"end":{"line":18,"column":null}},"10":{"start":{"line":20,"column":8},"end":{"line":21,"column":null}},"11":{"start":{"line":21,"column":10},"end":{"line":21,"column":null}},"12":{"start":{"line":24,"column":32},"end":{"line":30,"column":19}},"13":{"start":{"line":32,"column":8},"end":{"line":32,"column":null}},"14":{"start":{"line":32,"column":28},"end":{"line":32,"column":null}},"15":{"start":{"line":33,"column":8},"end":{"line":33,"column":null}},"16":{"start":{"line":37,"column":26},"end":{"line":41,"column":33}},"17":{"start":{"line":43,"column":8},"end":{"line":43,"column":null}},"18":{"start":{"line":43,"column":19},"end":{"line":43,"column":null}},"19":{"start":{"line":44,"column":8},"end":{"line":44,"column":null}},"20":{"start":{"line":48,"column":8},"end":{"line":48,"column":null}},"21":{"start":{"line":51,"column":4},"end":{"line":51,"column":null}}},"fnMap":{"0":{"name":"handler","decl":{"start":{"line":7,"column":30},"end":{"line":7,"column":38}},"loc":{"start":{"line":7,"column":79},"end":{"line":51,"column":null}},"line":7}},"branchMap":{"0":{"loc":{"start":{"line":8,"column":2},"end":{"line":8,"column":null}},"type":"if","locations":[{"start":{"line":8,"column":2},"end":{"line":8,"column":null}},{"start":{},"end":{}}],"line":8},"1":{"loc":{"start":{"line":11,"column":4},"end":{"line":11,"column":null}},"type":"if","locations":[{"start":{"line":11,"column":4},"end":{"line":11,"column":null}},{"start":{},"end":{}}],"line":11},"2":{"loc":{"start":{"line":16,"column":4},"end":{"line":48,"column":null}},"type":"switch","locations":[{"start":{"line":17,"column":6},"end":{"line":33,"column":null}},{"start":{"line":36,"column":6},"end":{"line":44,"column":null}},{"start":{"line":47,"column":6},"end":{"line":48,"column":null}}],"line":16},"3":{"loc":{"start":{"line":20,"column":8},"end":{"line":21,"column":null}},"type":"if","locations":[{"start":{"line":20,"column":8},"end":{"line":21,"column":null}},{"start":{},"end":{}}],"line":20},"4":{"loc":{"start":{"line":20,"column":12},"end":{"line":20,"column":39}},"type":"binary-expr","locations":[{"start":{"line":20,"column":12},"end":{"line":20,"column":25}},{"start":{"line":20,"column":25},"end":{"line":20,"column":39}}],"line":20},"5":{"loc":{"start":{"line":32,"column":8},"end":{"line":32,"column":null}},"type":"if","locations":[{"start":{"line":32,"column":8},"end":{"line":32,"column":null}},{"start":{},"end":{}}],"line":32},"6":{"loc":{"start":{"line":32,"column":12},"end":{"line":32,"column":28}},"type":"binary-expr","locations":[{"start":{"line":32,"column":12},"end":{"line":32,"column":21}},{"start":{"line":32,"column":21},"end":{"line":32,"column":28}}],"line":32},"7":{"loc":{"start":{"line":43,"column":8},"end":{"line":43,"column":null}},"type":"if","locations":[{"start":{"line":43,"column":8},"end":{"line":43,"column":null}},{"start":{},"end":{}}],"line":43}},"s":{"0":2,"1":0,"2":2,"3":2,"4":2,"5":0,"6":2,"7":2,"8":2,"9":2,"10":2,"11":1,"12":1,"13":1,"14":0,"15":1,"16":0,"17":0,"18":0,"19":0,"20":0,"21":1},"f":{"0":2},"b":{"0":[0,2],"1":[0,2],"2":[2,0,0],"3":[1,1],"4":[2,1],"5":[0,1],"6":[1,1],"7":[0,0]},"meta":{"lastBranch":8,"lastFunction":1,"lastStatement":22,"seen":{"f:7:30:7:38":0,"b:8:2:8:Infinity:undefined:undefined:undefined:undefined":0,"s:8:2:8:Infinity":0,"s:8:22:8:Infinity":1,"s:9:2:51:Infinity":2,"s:10:17:10:44":3,"b:11:4:11:Infinity:undefined:undefined:undefined:undefined":1,"s:11:4:11:Infinity":4,"s:11:15:11:Infinity":5,"s:13:19:13:Infinity":6,"s:14:10:14:39":7,"b:17:6:33:Infinity:36:6:44:Infinity:47:6:48:Infinity":2,"s:16:4:48:Infinity":8,"s:18:29:18:Infinity":9,"b:20:8:21:Infinity:undefined:undefined:undefined:undefined":3,"s:20:8:21:Infinity":10,"b:20:12:20:25:20:25:20:39":4,"s:21:10:21:Infinity":11,"s:24:32:30:19":12,"b:32:8:32:Infinity:undefined:undefined:undefined:undefined":5,"s:32:8:32:Infinity":13,"b:32:12:32:21:32:21:32:28":6,"s:32:28:32:Infinity":14,"s:33:8:33:Infinity":15,"s:37:26:41:33":16,"b:43:8:43:Infinity:undefined:undefined:undefined:undefined":7,"s:43:8:43:Infinity":17,"s:43:19:43:Infinity":18,"s:44:8:44:Infinity":19,"s:48:8:48:Infinity":20,"s:51:4:51:Infinity":21}}}
,"/Users/dmitrijli/Documents/code/github/ecommerce/apps/server/api/cart/index.ts": {"path":"/Users/dmitrijli/Documents/code/github/ecommerce/apps/server/api/cart/index.ts","statementMap":{"0":{"start":{"line":8,"column":2},"end":{"line":8,"column":null}},"1":{"start":{"line":8,"column":22},"end":{"line":8,"column":null}},"2":{"start":{"line":9,"column":2},"end":{"line":84,"column":null}},"3":{"start":{"line":10,"column":17},"end":{"line":10,"column":44}},"4":{"start":{"line":11,"column":4},"end":{"line":11,"column":null}},"5":{"start":{"line":11,"column":15},"end":{"line":11,"column":null}},"6":{"start":{"line":13,"column":10},"end":{"line":13,"column":39}},"7":{"start":{"line":15,"column":4},"end":{"line":81,"column":null}},"8":{"start":{"line":17,"column":32},"end":{"line":20,"column":33}},"9":{"start":{"line":22,"column":8},"end":{"line":22,"column":null}},"10":{"start":{"line":22,"column":19},"end":{"line":22,"column":null}},"11":{"start":{"line":23,"column":8},"end":{"line":23,"column":null}},"12":{"start":{"line":27,"column":41},"end":{"line":27,"column":null}},"13":{"start":{"line":32,"column":8},"end":{"line":33,"column":null}},"14":{"start":{"line":33,"column":10},"end":{"line":33,"column":null}},"15":{"start":{"line":37,"column":35},"end":{"line":42,"column":19}},"16":{"start":{"line":45,"column":8},"end":{"line":63,"column":null}},"17":{"start":{"line":47,"column":34},"end":{"line":52,"column":21}},"18":{"start":{"line":53,"column":10},"end":{"line":53,"column":null}},"19":{"start":{"line":53,"column":21},"end":{"line":53,"column":null}},"20":{"start":{"line":54,"column":10},"end":{"line":54,"column":null}},"21":{"start":{"line":57,"column":34},"end":{"line":61,"column":21}},"22":{"start":{"line":62,"column":10},"end":{"line":62,"column":null}},"23":{"start":{"line":62,"column":21},"end":{"line":62,"column":null}},"24":{"start":{"line":63,"column":10},"end":{"line":63,"column":null}},"25":{"start":{"line":66,"column":8},"end":{"line":66,"column":null}},"26":{"start":{"line":71,"column":26},"end":{"line":74,"column":33}},"27":{"start":{"line":76,"column":8},"end":{"line":76,"column":null}},"28":{"start":{"line":76,"column":19},"end":{"line":76,"column":null}},"29":{"start":{"line":77,"column":8},"end":{"line":77,"column":null}},"30":{"start":{"line":81,"column":8},"end":{"line":81,"column":null}},"31":{"start":{"line":84,"column":4},"end":{"line":84,"column":null}}},"fnMap":{"0":{"name":"handler","decl":{"start":{"line":7,"column":30},"end":{"line":7,"column":38}},"loc":{"start":{"line":7,"column":79},"end":{"line":84,"column":null}},"line":7}},"branchMap":{"0":{"loc":{"start":{"line":8,"column":2},"end":{"line":8,"column":null}},"type":"if","locations":[{"start":{"line":8,"column":2},"end":{"line":8,"column":null}},{"start":{},"end":{}}],"line":8},"1":{"loc":{"start":{"line":11,"column":4},"end":{"line":11,"column":null}},"type":"if","locations":[{"start":{"line":11,"column":4},"end":{"line":11,"column":null}},{"start":{},"end":{}}],"line":11},"2":{"loc":{"start":{"line":15,"column":4},"end":{"line":81,"column":null}},"type":"switch","locations":[{"start":{"line":16,"column":6},"end":{"line":23,"column":null}},{"start":{"line":26,"column":6},"end":{"line":66,"column":null}},{"start":{"line":69,"column":6},"end":{"line":77,"column":null}},{"start":{"line":80,"column":6},"end":{"line":81,"column":null}}],"line":15},"3":{"loc":{"start":{"line":22,"column":8},"end":{"line":22,"column":null}},"type":"if","locations":[{"start":{"line":22,"column":8},"end":{"line":22,"column":null}},{"start":{},"end":{}}],"line":22},"4":{"loc":{"start":{"line":32,"column":8},"end":{"line":33,"column":null}},"type":"if","locations":[{"start":{"line":32,"column":8},"end":{"line":33,"column":null}},{"start":{},"end":{}}],"line":32},"5":{"loc":{"start":{"line":32,"column":12},"end":{"line":32,"column":54}},"type":"binary-expr","locations":[{"start":{"line":32,"column":12},"end":{"line":32,"column":27}},{"start":{"line":32,"column":27},"end":{"line":32,"column":40}},{"start":{"line":32,"column":40},"end":{"line":32,"column":54}}],"line":32},"6":{"loc":{"start":{"line":45,"column":8},"end":{"line":63,"column":null}},"type":"if","locations":[{"start":{"line":45,"column":8},"end":{"line":63,"column":null}},{"start":{"line":55,"column":15},"end":{"line":63,"column":null}}],"line":45},"7":{"loc":{"start":{"line":53,"column":10},"end":{"line":53,"column":null}},"type":"if","locations":[{"start":{"line":53,"column":10},"end":{"line":53,"column":null}},{"start":{},"end":{}}],"line":53},"8":{"loc":{"start":{"line":62,"column":10},"end":{"line":62,"column":null}},"type":"if","locations":[{"start":{"line":62,"column":10},"end":{"line":62,"column":null}},{"start":{},"end":{}}],"line":62},"9":{"loc":{"start":{"line":76,"column":8},"end":{"line":76,"column":null}},"type":"if","locations":[{"start":{"line":76,"column":8},"end":{"line":76,"column":null}},{"start":{},"end":{}}],"line":76}},"s":{"0":11,"1":0,"2":11,"3":11,"4":11,"5":1,"6":10,"7":10,"8":1,"9":1,"10":0,"11":1,"12":8,"13":8,"14":3,"15":5,"16":5,"17":3,"18":3,"19":0,"20":3,"21":2,"22":2,"23":0,"24":2,"25":5,"26":1,"27":1,"28":0,"29":1,"30":0,"31":3},"f":{"0":11},"b":{"0":[0,11],"1":[1,10],"2":[10,8,1,0],"3":[0,1],"4":[3,5],"5":[8,7,6],"6":[3,2],"7":[0,3],"8":[0,2],"9":[0,1]},"meta":{"lastBranch":10,"lastFunction":1,"lastStatement":32,"seen":{"f:7:30:7:38":0,"b:8:2:8:Infinity:undefined:undefined:undefined:undefined":0,"s:8:2:8:Infinity":0,"s:8:22:8:Infinity":1,"s:9:2:84:Infinity":2,"s:10:17:10:44":3,"b:11:4:11:Infinity:undefined:undefined:undefined:undefined":1,"s:11:4:11:Infinity":4,"s:11:15:11:Infinity":5,"s:13:10:13:39":6,"b:16:6:23:Infinity:26:6:66:Infinity:69:6:77:Infinity:80:6:81:Infinity":2,"s:15:4:81:Infinity":7,"s:17:32:20:33":8,"b:22:8:22:Infinity:undefined:undefined:undefined:undefined":3,"s:22:8:22:Infinity":9,"s:22:19:22:Infinity":10,"s:23:8:23:Infinity":11,"s:27:41:27:Infinity":12,"b:32:8:33:Infinity:undefined:undefined:undefined:undefined":4,"s:32:8:33:Infinity":13,"b:32:12:32:27:32:27:32:40:32:40:32:54":5,"s:33:10:33:Infinity":14,"s:37:35:42:19":15,"b:45:8:63:Infinity:55:15:63:Infinity":6,"s:45:8:63:Infinity":16,"s:47:34:52:21":17,"b:53:10:53:Infinity:undefined:undefined:undefined:undefined":7,"s:53:10:53:Infinity":18,"s:53:21:53:Infinity":19,"s:54:10:54:Infinity":20,"s:57:34:61:21":21,"b:62:10:62:Infinity:undefined:undefined:undefined:undefined":8,"s:62:10:62:Infinity":22,"s:62:21:62:Infinity":23,"s:63:10:63:Infinity":24,"s:66:8:66:Infinity":25,"s:71:26:74:33":26,"b:76:8:76:Infinity:undefined:undefined:undefined:undefined":9,"s:76:8:76:Infinity":27,"s:76:19:76:Infinity":28,"s:77:8:77:Infinity":29,"s:81:8:81:Infinity":30,"s:84:4:84:Infinity":31}}}
,"/Users/dmitrijli/Documents/code/github/ecommerce/apps/server/api/orders/[id].ts": {"path":"/Users/dmitrijli/Documents/code/github/ecommerce/apps/server/api/orders/[id].ts","statementMap":{"0":{"start":{"line":8,"column":2},"end":{"line":8,"column":null}},"1":{"start":{"line":8,"column":22},"end":{"line":8,"column":null}},"2":{"start":{"line":9,"column":2},"end":{"line":60,"column":null}},"3":{"start":{"line":10,"column":17},"end":{"line":10,"column":44}},"4":{"start":{"line":11,"column":4},"end":{"line":11,"column":null}},"5":{"start":{"line":11,"column":15},"end":{"line":11,"column":null}},"6":{"start":{"line":13,"column":19},"end":{"line":13,"column":null}},"7":{"start":{"line":14,"column":10},"end":{"line":14,"column":39}},"8":{"start":{"line":16,"column":4},"end":{"line":57,"column":null}},"9":{"start":{"line":18,"column":32},"end":{"line":23,"column":19}},"10":{"start":{"line":25,"column":8},"end":{"line":25,"column":null}},"11":{"start":{"line":25,"column":28},"end":{"line":25,"column":null}},"12":{"start":{"line":26,"column":8},"end":{"line":26,"column":null}},"13":{"start":{"line":31,"column":33},"end":{"line":31,"column":null}},"14":{"start":{"line":32,"column":22},"end":{"line":32,"column":50}},"15":{"start":{"line":33,"column":8},"end":{"line":33,"column":null}},"16":{"start":{"line":33,"column":20},"end":{"line":33,"column":null}},"17":{"start":{"line":35,"column":27},"end":{"line":35,"column":null}},"18":{"start":{"line":36,"column":30},"end":{"line":36,"column":null}},"19":{"start":{"line":38,"column":8},"end":{"line":42,"column":null}},"20":{"start":{"line":39,"column":10},"end":{"line":42,"column":null}},"21":{"start":{"line":45,"column":32},"end":{"line":50,"column":19}},"22":{"start":{"line":52,"column":8},"end":{"line":52,"column":null}},"23":{"start":{"line":52,"column":28},"end":{"line":52,"column":null}},"24":{"start":{"line":53,"column":8},"end":{"line":53,"column":null}},"25":{"start":{"line":57,"column":8},"end":{"line":57,"column":null}},"26":{"start":{"line":60,"column":4},"end":{"line":60,"column":null}}},"fnMap":{"0":{"name":"handler","decl":{"start":{"line":7,"column":30},"end":{"line":7,"column":38}},"loc":{"start":{"line":7,"column":79},"end":{"line":60,"column":null}},"line":7}},"branchMap":{"0":{"loc":{"start":{"line":8,"column":2},"end":{"line":8,"column":null}},"type":"if","locations":[{"start":{"line":8,"column":2},"end":{"line":8,"column":null}},{"start":{},"end":{}}],"line":8},"1":{"loc":{"start":{"line":11,"column":4},"end":{"line":11,"column":null}},"type":"if","locations":[{"start":{"line":11,"column":4},"end":{"line":11,"column":null}},{"start":{},"end":{}}],"line":11},"2":{"loc":{"start":{"line":16,"column":4},"end":{"line":57,"column":null}},"type":"switch","locations":[{"start":{"line":17,"column":6},"end":{"line":26,"column":null}},{"start":{"line":29,"column":6},"end":{"line":53,"column":null}},{"start":{"line":56,"column":6},"end":{"line":57,"column":null}}],"line":16},"3":{"loc":{"start":{"line":25,"column":8},"end":{"line":25,"column":null}},"type":"if","locations":[{"start":{"line":25,"column":8},"end":{"line":25,"column":null}},{"start":{},"end":{}}],"line":25},"4":{"loc":{"start":{"line":25,"column":12},"end":{"line":25,"column":28}},"type":"binary-expr","locations":[{"start":{"line":25,"column":12},"end":{"line":25,"column":21}},{"start":{"line":25,"column":21},"end":{"line":25,"column":28}}],"line":25},"5":{"loc":{"start":{"line":33,"column":8},"end":{"line":33,"column":null}},"type":"if","locations":[{"start":{"line":33,"column":8},"end":{"line":33,"column":null}},{"start":{},"end":{}}],"line":33},"6":{"loc":{"start":{"line":38,"column":8},"end":{"line":42,"column":null}},"type":"if","locations":[{"start":{"line":38,"column":8},"end":{"line":42,"column":null}},{"start":{},"end":{}}],"line":38},"7":{"loc":{"start":{"line":38,"column":12},"end":{"line":38,"column":54}},"type":"binary-expr","locations":[{"start":{"line":38,"column":12},"end":{"line":38,"column":23}},{"start":{"line":38,"column":23},"end":{"line":38,"column":54}}],"line":38},"8":{"loc":{"start":{"line":52,"column":8},"end":{"line":52,"column":null}},"type":"if","locations":[{"start":{"line":52,"column":8},"end":{"line":52,"column":null}},{"start":{},"end":{}}],"line":52},"9":{"loc":{"start":{"line":52,"column":12},"end":{"line":52,"column":28}},"type":"binary-expr","locations":[{"start":{"line":52,"column":12},"end":{"line":52,"column":21}},{"start":{"line":52,"column":21},"end":{"line":52,"column":28}}],"line":52}},"s":{"0":4,"1":0,"2":4,"3":4,"4":4,"5":0,"6":4,"7":4,"8":4,"9":2,"10":2,"11":1,"12":1,"13":2,"14":2,"15":2,"16":1,"17":1,"18":1,"19":1,"20":1,"21":0,"22":0,"23":0,"24":0,"25":0,"26":1},"f":{"0":4},"b":{"0":[0,4],"1":[0,4],"2":[2,2,0],"3":[1,1],"4":[2,1],"5":[1,1],"6":[1,0],"7":[1,1],"8":[0,0],"9":[0,0]},"meta":{"lastBranch":10,"lastFunction":1,"lastStatement":27,"seen":{"f:7:30:7:38":0,"b:8:2:8:Infinity:undefined:undefined:undefined:undefined":0,"s:8:2:8:Infinity":0,"s:8:22:8:Infinity":1,"s:9:2:60:Infinity":2,"s:10:17:10:44":3,"b:11:4:11:Infinity:undefined:undefined:undefined:undefined":1,"s:11:4:11:Infinity":4,"s:11:15:11:Infinity":5,"s:13:19:13:Infinity":6,"s:14:10:14:39":7,"b:17:6:26:Infinity:29:6:53:Infinity:56:6:57:Infinity":2,"s:16:4:57:Infinity":8,"s:18:32:23:19":9,"b:25:8:25:Infinity:undefined:undefined:undefined:undefined":3,"s:25:8:25:Infinity":10,"b:25:12:25:21:25:21:25:28":4,"s:25:28:25:Infinity":11,"s:26:8:26:Infinity":12,"s:31:33:31:Infinity":13,"s:32:22:32:50":14,"b:33:8:33:Infinity:undefined:undefined:undefined:undefined":5,"s:33:8:33:Infinity":15,"s:33:20:33:Infinity":16,"s:35:27:35:Infinity":17,"s:36:30:36:Infinity":18,"b:38:8:42:Infinity:undefined:undefined:undefined:undefined":6,"s:38:8:42:Infinity":19,"b:38:12:38:23:38:23:38:54":7,"s:39:10:42:Infinity":20,"s:45:32:50:19":21,"b:52:8:52:Infinity:undefined:undefined:undefined:undefined":8,"s:52:8:52:Infinity":22,"b:52:12:52:21:52:21:52:28":9,"s:52:28:52:Infinity":23,"s:53:8:53:Infinity":24,"s:57:8:57:Infinity":25,"s:60:4:60:Infinity":26}}}
,"/Users/dmitrijli/Documents/code/github/ecommerce/apps/server/api/orders/index.ts": {"path":"/Users/dmitrijli/Documents/code/github/ecommerce/apps/server/api/orders/index.ts","statementMap":{"0":{"start":{"line":8,"column":2},"end":{"line":8,"column":null}},"1":{"start":{"line":8,"column":22},"end":{"line":8,"column":null}},"2":{"start":{"line":9,"column":2},"end":{"line":101,"column":null}},"3":{"start":{"line":10,"column":17},"end":{"line":10,"column":44}},"4":{"start":{"line":11,"column":4},"end":{"line":11,"column":null}},"5":{"start":{"line":11,"column":15},"end":{"line":11,"column":null}},"6":{"start":{"line":13,"column":10},"end":{"line":13,"column":39}},"7":{"start":{"line":15,"column":4},"end":{"line":98,"column":null}},"8":{"start":{"line":17,"column":32},"end":{"line":21,"column":52}},"9":{"start":{"line":23,"column":8},"end":{"line":23,"column":null}},"10":{"start":{"line":23,"column":19},"end":{"line":23,"column":null}},"11":{"start":{"line":24,"column":8},"end":{"line":24,"column":null}},"12":{"start":{"line":29,"column":54},"end":{"line":32,"column":33}},"13":{"start":{"line":34,"column":8},"end":{"line":34,"column":null}},"14":{"start":{"line":34,"column":23},"end":{"line":34,"column":null}},"15":{"start":{"line":35,"column":8},"end":{"line":36,"column":null}},"16":{"start":{"line":36,"column":10},"end":{"line":36,"column":null}},"17":{"start":{"line":40,"column":25},"end":{"line":40,"column":null}},"18":{"start":{"line":41,"column":27},"end":{"line":51,"column":null}},"19":{"start":{"line":42,"column":24},"end":{"line":44,"column":null}},"20":{"start":{"line":45,"column":10},"end":{"line":45,"column":null}},"21":{"start":{"line":46,"column":10},"end":{"line":50,"column":null}},"22":{"start":{"line":53,"column":8},"end":{"line":53,"column":null}},"23":{"start":{"line":56,"column":51},"end":{"line":64,"column":19}},"24":{"start":{"line":66,"column":8},"end":{"line":66,"column":null}},"25":{"start":{"line":66,"column":24},"end":{"line":66,"column":null}},"26":{"start":{"line":69,"column":33},"end":{"line":72,"column":11}},"27":{"start":{"line":69,"column":64},"end":{"line":72,"column":11}},"28":{"start":{"line":74,"column":38},"end":{"line":76,"column":35}},"29":{"start":{"line":78,"column":8},"end":{"line":78,"column":null}},"30":{"start":{"line":78,"column":24},"end":{"line":78,"column":null}},"31":{"start":{"line":81,"column":8},"end":{"line":85,"column":null}},"32":{"start":{"line":82,"column":10},"end":{"line":85,"column":null}},"33":{"start":{"line":89,"column":8},"end":{"line":92,"column":null}},"34":{"start":{"line":94,"column":8},"end":{"line":94,"column":null}},"35":{"start":{"line":98,"column":8},"end":{"line":98,"column":null}},"36":{"start":{"line":101,"column":4},"end":{"line":101,"column":null}}},"fnMap":{"0":{"name":"handler","decl":{"start":{"line":7,"column":30},"end":{"line":7,"column":38}},"loc":{"start":{"line":7,"column":79},"end":{"line":101,"column":null}},"line":7},"1":{"name":"(anonymous_1)","decl":{"start":{"line":41,"column":37},"end":{"line":41,"column":42}},"loc":{"start":{"line":41,"column":56},"end":{"line":51,"column":null}},"line":41},"2":{"name":"(anonymous_2)","decl":{"start":{"line":69,"column":44},"end":{"line":69,"column":49}},"loc":{"start":{"line":69,"column":64},"end":{"line":72,"column":11}},"line":69}},"branchMap":{"0":{"loc":{"start":{"line":8,"column":2},"end":{"line":8,"column":null}},"type":"if","locations":[{"start":{"line":8,"column":2},"end":{"line":8,"column":null}},{"start":{},"end":{}}],"line":8},"1":{"loc":{"start":{"line":11,"column":4},"end":{"line":11,"column":null}},"type":"if","locations":[{"start":{"line":11,"column":4},"end":{"line":11,"column":null}},{"start":{},"end":{}}],"line":11},"2":{"loc":{"start":{"line":15,"column":4},"end":{"line":98,"column":null}},"type":"switch","locations":[{"start":{"line":16,"column":6},"end":{"line":24,"column":null}},{"start":{"line":27,"column":6},"end":{"line":94,"column":null}},{"start":{"line":97,"column":6},"end":{"line":98,"column":null}}],"line":15},"3":{"loc":{"start":{"line":23,"column":8},"end":{"line":23,"column":null}},"type":"if","locations":[{"start":{"line":23,"column":8},"end":{"line":23,"column":null}},{"start":{},"end":{}}],"line":23},"4":{"loc":{"start":{"line":34,"column":8},"end":{"line":34,"column":null}},"type":"if","locations":[{"start":{"line":34,"column":8},"end":{"line":34,"column":null}},{"start":{},"end":{}}],"line":34},"5":{"loc":{"start":{"line":35,"column":8},"end":{"line":36,"column":null}},"type":"if","locations":[{"start":{"line":35,"column":8},"end":{"line":36,"column":null}},{"start":{},"end":{}}],"line":35},"6":{"loc":{"start":{"line":35,"column":12},"end":{"line":35,"column":50}},"type":"binary-expr","locations":[{"start":{"line":35,"column":12},"end":{"line":35,"column":26}},{"start":{"line":35,"column":26},"end":{"line":35,"column":50}}],"line":35},"7":{"loc":{"start":{"line":42,"column":24},"end":{"line":44,"column":null}},"type":"cond-expr","locations":[{"start":{"line":43,"column":14},"end":{"line":43,"column":null}},{"start":{"line":44,"column":14},"end":{"line":44,"column":null}}],"line":42},"8":{"loc":{"start":{"line":66,"column":8},"end":{"line":66,"column":null}},"type":"if","locations":[{"start":{"line":66,"column":8},"end":{"line":66,"column":null}},{"start":{},"end":{}}],"line":66},"9":{"loc":{"start":{"line":78,"column":8},"end":{"line":78,"column":null}},"type":"if","locations":[{"start":{"line":78,"column":8},"end":{"line":78,"column":null}},{"start":{},"end":{}}],"line":78}},"s":{"0":6,"1":0,"2":6,"3":6,"4":6,"5":1,"6":5,"7":5,"8":1,"9":1,"10":0,"11":1,"12":3,"13":3,"14":0,"15":3,"16":1,"17":2,"18":2,"19":2,"20":2,"21":2,"22":2,"23":2,"24":2,"25":0,"26":2,"27":2,"28":2,"29":2,"30":0,"31":2,"32":2,"33":2,"34":2,"35":1,"36":1},"f":{"0":6,"1":2,"2":2},"b":{"0":[0,6],"1":[1,5],"2":[5,3,1],"3":[0,1],"4":[0,3],"5":[1,2],"6":[3,3],"7":[1,1],"8":[0,2],"9":[0,2]},"meta":{"lastBranch":10,"lastFunction":3,"lastStatement":37,"seen":{"f:7:30:7:38":0,"b:8:2:8:Infinity:undefined:undefined:undefined:undefined":0,"s:8:2:8:Infinity":0,"s:8:22:8:Infinity":1,"s:9:2:101:Infinity":2,"s:10:17:10:44":3,"b:11:4:11:Infinity:undefined:undefined:undefined:undefined":1,"s:11:4:11:Infinity":4,"s:11:15:11:Infinity":5,"s:13:10:13:39":6,"b:16:6:24:Infinity:27:6:94:Infinity:97:6:98:Infinity":2,"s:15:4:98:Infinity":7,"s:17:32:21:52":8,"b:23:8:23:Infinity:undefined:undefined:undefined:undefined":3,"s:23:8:23:Infinity":9,"s:23:19:23:Infinity":10,"s:24:8:24:Infinity":11,"s:29:54:32:33":12,"b:34:8:34:Infinity:undefined:undefined:undefined:undefined":4,"s:34:8:34:Infinity":13,"s:34:23:34:Infinity":14,"b:35:8:36:Infinity:undefined:undefined:undefined:undefined":5,"s:35:8:36:Infinity":15,"b:35:12:35:26:35:26:35:50":6,"s:36:10:36:Infinity":16,"s:40:25:40:Infinity":17,"s:41:27:51:Infinity":18,"f:41:37:41:42":1,"s:42:24:44:Infinity":19,"b:43:14:43:Infinity:44:14:44:Infinity":7,"s:45:10:45:Infinity":20,"s:46:10:50:Infinity":21,"s:53:8:53:Infinity":22,"s:56:51:64:19":23,"b:66:8:66:Infinity:undefined:undefined:undefined:undefined":8,"s:66:8:66:Infinity":24,"s:66:24:66:Infinity":25,"s:69:33:72:11":26,"f:69:44:69:49":2,"s:69:64:72:11":27,"s:74:38:76:35":28,"b:78:8:78:Infinity:undefined:undefined:undefined:undefined":9,"s:78:8:78:Infinity":29,"s:78:24:78:Infinity":30,"s:81:8:85:Infinity":31,"s:82:10:85:Infinity":32,"s:89:8:92:Infinity":33,"s:94:8:94:Infinity":34,"s:98:8:98:Infinity":35,"s:101:4:101:Infinity":36}}}
,"/Users/dmitrijli/Documents/code/github/ecommerce/apps/server/api/products/[id].ts": {"path":"/Users/dmitrijli/Documents/code/github/ecommerce/apps/server/api/products/[id].ts","statementMap":{"0":{"start":{"line":7,"column":2},"end":{"line":7,"column":null}},"1":{"start":{"line":7,"column":22},"end":{"line":7,"column":null}},"2":{"start":{"line":8,"column":2},"end":{"line":59,"column":null}},"3":{"start":{"line":9,"column":19},"end":{"line":9,"column":null}},"4":{"start":{"line":10,"column":10},"end":{"line":10,"column":39}},"5":{"start":{"line":12,"column":4},"end":{"line":56,"column":null}},"6":{"start":{"line":14,"column":32},"end":{"line":18,"column":19}},"7":{"start":{"line":20,"column":8},"end":{"line":20,"column":null}},"8":{"start":{"line":20,"column":28},"end":{"line":20,"column":null}},"9":{"start":{"line":21,"column":8},"end":{"line":21,"column":null}},"10":{"start":{"line":25,"column":33},"end":{"line":25,"column":null}},"11":{"start":{"line":26,"column":21},"end":{"line":26,"column":49}},"12":{"start":{"line":27,"column":8},"end":{"line":27,"column":null}},"13":{"start":{"line":27,"column":19},"end":{"line":27,"column":null}},"14":{"start":{"line":29,"column":32},"end":{"line":34,"column":19}},"15":{"start":{"line":36,"column":8},"end":{"line":36,"column":null}},"16":{"start":{"line":36,"column":19},"end":{"line":36,"column":null}},"17":{"start":{"line":37,"column":8},"end":{"line":37,"column":null}},"18":{"start":{"line":37,"column":19},"end":{"line":37,"column":null}},"19":{"start":{"line":38,"column":8},"end":{"line":38,"column":null}},"20":{"start":{"line":42,"column":33},"end":{"line":42,"column":null}},"21":{"start":{"line":43,"column":21},"end":{"line":43,"column":49}},"22":{"start":{"line":44,"column":8},"end":{"line":44,"column":null}},"23":{"start":{"line":44,"column":19},"end":{"line":44,"column":null}},"24":{"start":{"line":46,"column":26},"end":{"line":49,"column":23}},"25":{"start":{"line":51,"column":8},"end":{"line":51,"column":null}},"26":{"start":{"line":51,"column":19},"end":{"line":51,"column":null}},"27":{"start":{"line":52,"column":8},"end":{"line":52,"column":null}},"28":{"start":{"line":56,"column":8},"end":{"line":56,"column":null}},"29":{"start":{"line":59,"column":4},"end":{"line":59,"column":null}}},"fnMap":{"0":{"name":"handler","decl":{"start":{"line":6,"column":30},"end":{"line":6,"column":38}},"loc":{"start":{"line":6,"column":79},"end":{"line":59,"column":null}},"line":6}},"branchMap":{"0":{"loc":{"start":{"line":7,"column":2},"end":{"line":7,"column":null}},"type":"if","locations":[{"start":{"line":7,"column":2},"end":{"line":7,"column":null}},{"start":{},"end":{}}],"line":7},"1":{"loc":{"start":{"line":12,"column":4},"end":{"line":56,"column":null}},"type":"switch","locations":[{"start":{"line":13,"column":6},"end":{"line":21,"column":null}},{"start":{"line":24,"column":6},"end":{"line":38,"column":null}},{"start":{"line":41,"column":6},"end":{"line":52,"column":null}},{"start":{"line":55,"column":6},"end":{"line":56,"column":null}}],"line":12},"2":{"loc":{"start":{"line":20,"column":8},"end":{"line":20,"column":null}},"type":"if","locations":[{"start":{"line":20,"column":8},"end":{"line":20,"column":null}},{"start":{},"end":{}}],"line":20},"3":{"loc":{"start":{"line":20,"column":12},"end":{"line":20,"column":28}},"type":"binary-expr","locations":[{"start":{"line":20,"column":12},"end":{"line":20,"column":21}},{"start":{"line":20,"column":21},"end":{"line":20,"column":28}}],"line":20},"4":{"loc":{"start":{"line":27,"column":8},"end":{"line":27,"column":null}},"type":"if","locations":[{"start":{"line":27,"column":8},"end":{"line":27,"column":null}},{"start":{},"end":{}}],"line":27},"5":{"loc":{"start":{"line":36,"column":8},"end":{"line":36,"column":null}},"type":"if","locations":[{"start":{"line":36,"column":8},"end":{"line":36,"column":null}},{"start":{},"end":{}}],"line":36},"6":{"loc":{"start":{"line":37,"column":8},"end":{"line":37,"column":null}},"type":"if","locations":[{"start":{"line":37,"column":8},"end":{"line":37,"column":null}},{"start":{},"end":{}}],"line":37},"7":{"loc":{"start":{"line":44,"column":8},"end":{"line":44,"column":null}},"type":"if","locations":[{"start":{"line":44,"column":8},"end":{"line":44,"column":null}},{"start":{},"end":{}}],"line":44},"8":{"loc":{"start":{"line":51,"column":8},"end":{"line":51,"column":null}},"type":"if","locations":[{"start":{"line":51,"column":8},"end":{"line":51,"column":null}},{"start":{},"end":{}}],"line":51}},"s":{"0":0,"1":0,"2":0,"3":0,"4":0,"5":0,"6":0,"7":0,"8":0,"9":0,"10":0,"11":0,"12":0,"13":0,"14":0,"15":0,"16":0,"17":0,"18":0,"19":0,"20":0,"21":0,"22":0,"23":0,"24":0,"25":0,"26":0,"27":0,"28":0,"29":0},"f":{"0":0},"b":{"0":[0,0],"1":[0,0,0,0],"2":[0,0],"3":[0,0],"4":[0,0],"5":[0,0],"6":[0,0],"7":[0,0],"8":[0,0]},"meta":{"lastBranch":9,"lastFunction":1,"lastStatement":30,"seen":{"f:6:30:6:38":0,"b:7:2:7:Infinity:undefined:undefined:undefined:undefined":0,"s:7:2:7:Infinity":0,"s:7:22:7:Infinity":1,"s:8:2:59:Infinity":2,"s:9:19:9:Infinity":3,"s:10:10:10:39":4,"b:13:6:21:Infinity:24:6:38:Infinity:41:6:52:Infinity:55:6:56:Infinity":1,"s:12:4:56:Infinity":5,"s:14:32:18:19":6,"b:20:8:20:Infinity:undefined:undefined:undefined:undefined":2,"s:20:8:20:Infinity":7,"b:20:12:20:21:20:21:20:28":3,"s:20:28:20:Infinity":8,"s:21:8:21:Infinity":9,"s:25:33:25:Infinity":10,"s:26:21:26:49":11,"b:27:8:27:Infinity:undefined:undefined:undefined:undefined":4,"s:27:8:27:Infinity":12,"s:27:19:27:Infinity":13,"s:29:32:34:19":14,"b:36:8:36:Infinity:undefined:undefined:undefined:undefined":5,"s:36:8:36:Infinity":15,"s:36:19:36:Infinity":16,"b:37:8:37:Infinity:undefined:undefined:undefined:undefined":6,"s:37:8:37:Infinity":17,"s:37:19:37:Infinity":18,"s:38:8:38:Infinity":19,"s:42:33:42:Infinity":20,"s:43:21:43:49":21,"b:44:8:44:Infinity:undefined:undefined:undefined:undefined":7,"s:44:8:44:Infinity":22,"s:44:19:44:Infinity":23,"s:46:26:49:23":24,"b:51:8:51:Infinity:undefined:undefined:undefined:undefined":8,"s:51:8:51:Infinity":25,"s:51:19:51:Infinity":26,"s:52:8:52:Infinity":27,"s:56:8:56:Infinity":28,"s:59:4:59:Infinity":29}}}
,"/Users/dmitrijli/Documents/code/github/ecommerce/apps/server/api/products/index.ts": {"path":"/Users/dmitrijli/Documents/code/github/ecommerce/apps/server/api/products/index.ts","statementMap":{"0":{"start":{"line":7,"column":2},"end":{"line":7,"column":null}},"1":{"start":{"line":7,"column":22},"end":{"line":7,"column":null}},"2":{"start":{"line":8,"column":2},"end":{"line":76,"column":null}},"3":{"start":{"line":9,"column":10},"end":{"line":9,"column":39}},"4":{"start":{"line":11,"column":4},"end":{"line":73,"column":null}},"5":{"start":{"line":22,"column":12},"end":{"line":22,"column":null}},"6":{"start":{"line":24,"column":24},"end":{"line":24,"column":42}},"7":{"start":{"line":25,"column":25},"end":{"line":25,"column":44}},"8":{"start":{"line":26,"column":14},"end":{"line":26,"column":null}},"9":{"start":{"line":27,"column":19},"end":{"line":27,"column":null}},"10":{"start":{"line":29,"column":20},"end":{"line":31,"column":66}},"11":{"start":{"line":33,"column":8},"end":{"line":33,"column":null}},"12":{"start":{"line":33,"column":25},"end":{"line":33,"column":null}},"13":{"start":{"line":34,"column":8},"end":{"line":34,"column":null}},"14":{"start":{"line":34,"column":23},"end":{"line":34,"column":null}},"15":{"start":{"line":35,"column":8},"end":{"line":35,"column":null}},"16":{"start":{"line":35,"column":23},"end":{"line":35,"column":null}},"17":{"start":{"line":36,"column":8},"end":{"line":36,"column":null}},"18":{"start":{"line":36,"column":20},"end":{"line":36,"column":null}},"19":{"start":{"line":38,"column":8},"end":{"line":38,"column":null}},"20":{"start":{"line":39,"column":8},"end":{"line":39,"column":null}},"21":{"start":{"line":41,"column":39},"end":{"line":41,"column":null}},"22":{"start":{"line":43,"column":8},"end":{"line":43,"column":null}},"23":{"start":{"line":43,"column":19},"end":{"line":43,"column":null}},"24":{"start":{"line":45,"column":8},"end":{"line":51,"column":null}},"25":{"start":{"line":56,"column":33},"end":{"line":56,"column":null}},"26":{"start":{"line":57,"column":21},"end":{"line":57,"column":49}},"27":{"start":{"line":58,"column":8},"end":{"line":58,"column":null}},"28":{"start":{"line":58,"column":19},"end":{"line":58,"column":null}},"29":{"start":{"line":60,"column":87},"end":{"line":60,"column":null}},"30":{"start":{"line":62,"column":32},"end":{"line":66,"column":19}},"31":{"start":{"line":68,"column":8},"end":{"line":68,"column":null}},"32":{"start":{"line":68,"column":19},"end":{"line":68,"column":null}},"33":{"start":{"line":69,"column":8},"end":{"line":69,"column":null}},"34":{"start":{"line":73,"column":8},"end":{"line":73,"column":null}},"35":{"start":{"line":76,"column":4},"end":{"line":76,"column":null}}},"fnMap":{"0":{"name":"handler","decl":{"start":{"line":6,"column":30},"end":{"line":6,"column":38}},"loc":{"start":{"line":6,"column":79},"end":{"line":76,"column":null}},"line":6}},"branchMap":{"0":{"loc":{"start":{"line":7,"column":2},"end":{"line":7,"column":null}},"type":"if","locations":[{"start":{"line":7,"column":2},"end":{"line":7,"column":null}},{"start":{},"end":{}}],"line":7},"1":{"loc":{"start":{"line":11,"column":4},"end":{"line":73,"column":null}},"type":"switch","locations":[{"start":{"line":12,"column":6},"end":{"line":51,"column":null}},{"start":{"line":54,"column":6},"end":{"line":69,"column":null}},{"start":{"line":72,"column":6},"end":{"line":73,"column":null}}],"line":11},"2":{"loc":{"start":{"line":18,"column":10},"end":{"line":18,"column":null}},"type":"default-arg","locations":[{"start":{"line":18,"column":20},"end":{"line":18,"column":null}}],"line":18},"3":{"loc":{"start":{"line":19,"column":10},"end":{"line":19,"column":null}},"type":"default-arg","locations":[{"start":{"line":19,"column":23},"end":{"line":19,"column":null}}],"line":19},"4":{"loc":{"start":{"line":20,"column":10},"end":{"line":20,"column":null}},"type":"default-arg","locations":[{"start":{"line":20,"column":17},"end":{"line":20,"column":null}}],"line":20},"5":{"loc":{"start":{"line":21,"column":10},"end":{"line":21,"column":null}},"type":"default-arg","locations":[{"start":{"line":21,"column":18},"end":{"line":21,"column":null}}],"line":21},"6":{"loc":{"start":{"line":33,"column":8},"end":{"line":33,"column":null}},"type":"if","locations":[{"start":{"line":33,"column":8},"end":{"line":33,"column":null}},{"start":{},"end":{}}],"line":33},"7":{"loc":{"start":{"line":34,"column":8},"end":{"line":34,"column":null}},"type":"if","locations":[{"start":{"line":34,"column":8},"end":{"line":34,"column":null}},{"start":{},"end":{}}],"line":34},"8":{"loc":{"start":{"line":35,"column":8},"end":{"line":35,"column":null}},"type":"if","locations":[{"start":{"line":35,"column":8},"end":{"line":35,"column":null}},{"start":{},"end":{}}],"line":35},"9":{"loc":{"start":{"line":36,"column":8},"end":{"line":36,"column":null}},"type":"if","locations":[{"start":{"line":36,"column":8},"end":{"line":36,"column":null}},{"start":{},"end":{}}],"line":36},"10":{"loc":{"start":{"line":43,"column":8},"end":{"line":43,"column":null}},"type":"if","locations":[{"start":{"line":43,"column":8},"end":{"line":43,"column":null}},{"start":{},"end":{}}],"line":43},"11":{"loc":{"start":{"line":48,"column":17},"end":{"line":48,"column":null}},"type":"binary-expr","locations":[{"start":{"line":48,"column":17},"end":{"line":48,"column":26}},{"start":{"line":48,"column":26},"end":{"line":48,"column":null}}],"line":48},"12":{"loc":{"start":{"line":58,"column":8},"end":{"line":58,"column":null}},"type":"if","locations":[{"start":{"line":58,"column":8},"end":{"line":58,"column":null}},{"start":{},"end":{}}],"line":58},"13":{"loc":{"start":{"line":64,"column":57},"end":{"line":64,"column":72}},"type":"binary-expr","locations":[{"start":{"line":64,"column":57},"end":{"line":64,"column":69}},{"start":{"line":64,"column":69},"end":{"line":64,"column":72}}],"line":64},"14":{"loc":{"start":{"line":68,"column":8},"end":{"line":68,"column":null}},"type":"if","locations":[{"start":{"line":68,"column":8},"end":{"line":68,"column":null}},{"start":{},"end":{}}],"line":68}},"s":{"0":7,"1":0,"2":7,"3":7,"4":7,"5":4,"6":4,"7":4,"8":4,"9":4,"10":4,"11":4,"12":1,"13":4,"14":0,"15":4,"16":0,"17":4,"18":0,"19":4,"20":4,"21":4,"22":4,"23":0,"24":4,"25":2,"26":2,"27":2,"28":1,"29":1,"30":1,"31":1,"32":0,"33":1,"34":1,"35":0},"f":{"0":7},"b":{"0":[0,7],"1":[4,2,1],"2":[4],"3":[4],"4":[4],"5":[4],"6":[1,3],"7":[0,4],"8":[0,4],"9":[0,4],"10":[0,4],"11":[4,1],"12":[1,1],"13":[1,1],"14":[0,1]},"meta":{"lastBranch":15,"lastFunction":1,"lastStatement":36,"seen":{"f:6:30:6:38":0,"b:7:2:7:Infinity:undefined:undefined:undefined:undefined":0,"s:7:2:7:Infinity":0,"s:7:22:7:Infinity":1,"s:8:2:76:Infinity":2,"s:9:10:9:39":3,"b:12:6:51:Infinity:54:6:69:Infinity:72:6:73:Infinity":1,"s:11:4:73:Infinity":4,"s:22:12:22:Infinity":5,"b:18:20:18:Infinity":2,"b:19:23:19:Infinity":3,"b:20:17:20:Infinity":4,"b:21:18:21:Infinity":5,"s:24:24:24:42":6,"s:25:25:25:44":7,"s:26:14:26:Infinity":8,"s:27:19:27:Infinity":9,"s:29:20:31:66":10,"b:33:8:33:Infinity:undefined:undefined:undefined:undefined":6,"s:33:8:33:Infinity":11,"s:33:25:33:Infinity":12,"b:34:8:34:Infinity:undefined:undefined:undefined:undefined":7,"s:34:8:34:Infinity":13,"s:34:23:34:Infinity":14,"b:35:8:35:Infinity:undefined:undefined:undefined:undefined":8,"s:35:8:35:Infinity":15,"s:35:23:35:Infinity":16,"b:36:8:36:Infinity:undefined:undefined:undefined:undefined":9,"s:36:8:36:Infinity":17,"s:36:20:36:Infinity":18,"s:38:8:38:Infinity":19,"s:39:8:39:Infinity":20,"s:41:39:41:Infinity":21,"b:43:8:43:Infinity:undefined:undefined:undefined:undefined":10,"s:43:8:43:Infinity":22,"s:43:19:43:Infinity":23,"s:45:8:51:Infinity":24,"b:48:17:48:26:48:26:48:Infinity":11,"s:56:33:56:Infinity":25,"s:57:21:57:49":26,"b:58:8:58:Infinity:undefined:undefined:undefined:undefined":12,"s:58:8:58:Infinity":27,"s:58:19:58:Infinity":28,"s:60:87:60:Infinity":29,"s:62:32:66:19":30,"b:64:57:64:69:64:69:64:72":13,"b:68:8:68:Infinity:undefined:undefined:undefined:undefined":14,"s:68:8:68:Infinity":31,"s:68:19:68:Infinity":32,"s:69:8:69:Infinity":33,"s:73:8:73:Infinity":34,"s:76:4:76:Infinity":35}}}
,"/Users/dmitrijli/Documents/code/github/ecommerce/apps/server/lib/auth.ts": {"path":"/Users/dmitrijli/Documents/code/github/ecommerce/apps/server/lib/auth.ts","statementMap":{"0":{"start":{"line":8,"column":15},"end":{"line":8,"column":null}},"1":{"start":{"line":9,"column":2},"end":{"line":9,"column":null}},"2":{"start":{"line":9,"column":36},"end":{"line":9,"column":null}},"3":{"start":{"line":10,"column":2},"end":{"line":10,"column":null}},"4":{"start":{"line":17,"column":16},"end":{"line":17,"column":33}},"5":{"start":{"line":18,"column":2},"end":{"line":18,"column":null}},"6":{"start":{"line":18,"column":14},"end":{"line":18,"column":null}},"7":{"start":{"line":20,"column":8},"end":{"line":20,"column":37}},"8":{"start":{"line":21,"column":26},"end":{"line":21,"column":60}},"9":{"start":{"line":23,"column":2},"end":{"line":23,"column":null}},"10":{"start":{"line":23,"column":27},"end":{"line":23,"column":null}},"11":{"start":{"line":24,"column":2},"end":{"line":24,"column":null}},"12":{"start":{"line":32,"column":15},"end":{"line":32,"column":37}},"13":{"start":{"line":33,"column":2},"end":{"line":35,"column":null}},"14":{"start":{"line":34,"column":4},"end":{"line":34,"column":null}},"15":{"start":{"line":35,"column":4},"end":{"line":35,"column":null}},"16":{"start":{"line":37,"column":2},"end":{"line":37,"column":null}},"17":{"start":{"line":44,"column":15},"end":{"line":44,"column":42}},"18":{"start":{"line":45,"column":2},"end":{"line":45,"column":null}},"19":{"start":{"line":45,"column":13},"end":{"line":45,"column":null}},"20":{"start":{"line":47,"column":8},"end":{"line":47,"column":37}},"21":{"start":{"line":48,"column":28},"end":{"line":52,"column":13}},"22":{"start":{"line":54,"column":2},"end":{"line":56,"column":null}},"23":{"start":{"line":55,"column":4},"end":{"line":55,"column":null}},"24":{"start":{"line":56,"column":4},"end":{"line":56,"column":null}},"25":{"start":{"line":59,"column":2},"end":{"line":59,"column":null}}},"fnMap":{"0":{"name":"extractToken","decl":{"start":{"line":7,"column":16},"end":{"line":7,"column":29}},"loc":{"start":{"line":7,"column":64},"end":{"line":10,"column":null}},"line":7},"1":{"name":"getAuthUser","decl":{"start":{"line":16,"column":22},"end":{"line":16,"column":34}},"loc":{"start":{"line":16,"column":54},"end":{"line":24,"column":null}},"line":16},"2":{"name":"requireAuth","decl":{"start":{"line":31,"column":22},"end":{"line":31,"column":34}},"loc":{"start":{"line":31,"column":75},"end":{"line":37,"column":null}},"line":31},"3":{"name":"requireAdmin","decl":{"start":{"line":43,"column":22},"end":{"line":43,"column":35}},"loc":{"start":{"line":43,"column":76},"end":{"line":59,"column":null}},"line":43}},"branchMap":{"0":{"loc":{"start":{"line":9,"column":2},"end":{"line":9,"column":null}},"type":"if","locations":[{"start":{"line":9,"column":2},"end":{"line":9,"column":null}},{"start":{},"end":{}}],"line":9},"1":{"loc":{"start":{"line":18,"column":2},"end":{"line":18,"column":null}},"type":"if","locations":[{"start":{"line":18,"column":2},"end":{"line":18,"column":null}},{"start":{},"end":{}}],"line":18},"2":{"loc":{"start":{"line":23,"column":2},"end":{"line":23,"column":null}},"type":"if","locations":[{"start":{"line":23,"column":2},"end":{"line":23,"column":null}},{"start":{},"end":{}}],"line":23},"3":{"loc":{"start":{"line":23,"column":6},"end":{"line":23,"column":27}},"type":"binary-expr","locations":[{"start":{"line":23,"column":6},"end":{"line":23,"column":15}},{"start":{"line":23,"column":15},"end":{"line":23,"column":27}}],"line":23},"4":{"loc":{"start":{"line":33,"column":2},"end":{"line":35,"column":null}},"type":"if","locations":[{"start":{"line":33,"column":2},"end":{"line":35,"column":null}},{"start":{},"end":{}}],"line":33},"5":{"loc":{"start":{"line":45,"column":2},"end":{"line":45,"column":null}},"type":"if","locations":[{"start":{"line":45,"column":2},"end":{"line":45,"column":null}},{"start":{},"end":{}}],"line":45},"6":{"loc":{"start":{"line":54,"column":2},"end":{"line":56,"column":null}},"type":"if","locations":[{"start":{"line":54,"column":2},"end":{"line":56,"column":null}},{"start":{},"end":{}}],"line":54}},"s":{"0":11,"1":11,"2":4,"3":7,"4":7,"5":7,"6":2,"7":5,"8":5,"9":5,"10":1,"11":4,"12":4,"13":4,"14":1,"15":1,"16":3,"17":2,"18":2,"19":0,"20":2,"21":2,"22":2,"23":1,"24":1,"25":1},"f":{"0":11,"1":7,"2":4,"3":2},"b":{"0":[4,7],"1":[2,5],"2":[1,4],"3":[5,4],"4":[1,3],"5":[0,2],"6":[1,1]},"meta":{"lastBranch":7,"lastFunction":4,"lastStatement":26,"seen":{"f:7:16:7:29":0,"s:8:15:8:Infinity":0,"b:9:2:9:Infinity:undefined:undefined:undefined:undefined":0,"s:9:2:9:Infinity":1,"s:9:36:9:Infinity":2,"s:10:2:10:Infinity":3,"f:16:22:16:34":1,"s:17:16:17:33":4,"b:18:2:18:Infinity:undefined:undefined:undefined:undefined":1,"s:18:2:18:Infinity":5,"s:18:14:18:Infinity":6,"s:20:8:20:37":7,"s:21:26:21:60":8,"b:23:2:23:Infinity:undefined:undefined:undefined:undefined":2,"s:23:2:23:Infinity":9,"b:23:6:23:15:23:15:23:27":3,"s:23:27:23:Infinity":10,"s:24:2:24:Infinity":11,"f:31:22:31:34":2,"s:32:15:32:37":12,"b:33:2:35:Infinity:undefined:undefined:undefined:undefined":4,"s:33:2:35:Infinity":13,"s:34:4:34:Infinity":14,"s:35:4:35:Infinity":15,"s:37:2:37:Infinity":16,"f:43:22:43:35":3,"s:44:15:44:42":17,"b:45:2:45:Infinity:undefined:undefined:undefined:undefined":5,"s:45:2:45:Infinity":18,"s:45:13:45:Infinity":19,"s:47:8:47:37":20,"s:48:28:52:13":21,"b:54:2:56:Infinity:undefined:undefined:undefined:undefined":6,"s:54:2:56:Infinity":22,"s:55:4:55:Infinity":23,"s:56:4:56:Infinity":24,"s:59:2:59:Infinity":25}}}
,"/Users/dmitrijli/Documents/code/github/ecommerce/apps/server/lib/cors.ts": {"path":"/Users/dmitrijli/Documents/code/github/ecommerce/apps/server/lib/cors.ts","statementMap":{"0":{"start":{"line":3,"column":24},"end":{"line":5,"column":null}},"1":{"start":{"line":13,"column":17},"end":{"line":13,"column":null}},"2":{"start":{"line":17,"column":4},"end":{"line":18,"column":34}},"3":{"start":{"line":20,"column":2},"end":{"line":20,"column":null}},"4":{"start":{"line":21,"column":2},"end":{"line":21,"column":null}},"5":{"start":{"line":22,"column":2},"end":{"line":22,"column":null}},"6":{"start":{"line":23,"column":2},"end":{"line":23,"column":null}},"7":{"start":{"line":24,"column":2},"end":{"line":24,"column":null}},"8":{"start":{"line":27,"column":2},"end":{"line":29,"column":null}},"9":{"start":{"line":28,"column":4},"end":{"line":28,"column":null}},"10":{"start":{"line":29,"column":4},"end":{"line":29,"column":null}},"11":{"start":{"line":32,"column":2},"end":{"line":32,"column":null}}},"fnMap":{"0":{"name":"cors","decl":{"start":{"line":12,"column":16},"end":{"line":12,"column":21}},"loc":{"start":{"line":12,"column":71},"end":{"line":32,"column":null}},"line":12}},"branchMap":{"0":{"loc":{"start":{"line":13,"column":17},"end":{"line":13,"column":null}},"type":"binary-expr","locations":[{"start":{"line":13,"column":17},"end":{"line":13,"column":39}},{"start":{"line":13,"column":39},"end":{"line":13,"column":null}}],"line":13},"1":{"loc":{"start":{"line":17,"column":4},"end":{"line":18,"column":34}},"type":"binary-expr","locations":[{"start":{"line":17,"column":4},"end":{"line":17,"column":36}},{"start":{"line":18,"column":4},"end":{"line":18,"column":34}}],"line":17},"2":{"loc":{"start":{"line":20,"column":47},"end":{"line":20,"column":87}},"type":"cond-expr","locations":[{"start":{"line":20,"column":59},"end":{"line":20,"column":68}},{"start":{"line":20,"column":68},"end":{"line":20,"column":87}}],"line":20},"3":{"loc":{"start":{"line":27,"column":2},"end":{"line":29,"column":null}},"type":"if","locations":[{"start":{"line":27,"column":2},"end":{"line":29,"column":null}},{"start":{},"end":{}}],"line":27}},"s":{"0":0,"1":0,"2":0,"3":0,"4":0,"5":0,"6":0,"7":0,"8":0,"9":0,"10":0,"11":0},"f":{"0":0},"b":{"0":[0,0],"1":[0,0],"2":[0,0],"3":[0,0]},"meta":{"lastBranch":4,"lastFunction":1,"lastStatement":12,"seen":{"s:3:24:5:Infinity":0,"f:12:16:12:21":0,"s:13:17:13:Infinity":1,"b:13:17:13:39:13:39:13:Infinity":0,"s:17:4:18:34":2,"b:17:4:17:36:18:4:18:34":1,"s:20:2:20:Infinity":3,"b:20:59:20:68:20:68:20:87":2,"s:21:2:21:Infinity":4,"s:22:2:22:Infinity":5,"s:23:2:23:Infinity":6,"s:24:2:24:Infinity":7,"b:27:2:29:Infinity:undefined:undefined:undefined:undefined":3,"s:27:2:29:Infinity":8,"s:28:4:28:Infinity":9,"s:29:4:29:Infinity":10,"s:32:2:32:Infinity":11}}}
,"/Users/dmitrijli/Documents/code/github/ecommerce/apps/server/lib/errors.ts": {"path":"/Users/dmitrijli/Documents/code/github/ecommerce/apps/server/lib/errors.ts","statementMap":{"0":{"start":{"line":8,"column":4},"end":{"line":8,"column":null}},"1":{"start":{"line":5,"column":11},"end":{"line":5,"column":null}},"2":{"start":{"line":9,"column":4},"end":{"line":9,"column":null}},"3":{"start":{"line":15,"column":4},"end":{"line":15,"column":null}},"4":{"start":{"line":16,"column":4},"end":{"line":16,"column":null}},"5":{"start":{"line":22,"column":4},"end":{"line":22,"column":null}},"6":{"start":{"line":23,"column":4},"end":{"line":23,"column":null}},"7":{"start":{"line":31,"column":2},"end":{"line":31,"column":null}},"8":{"start":{"line":33,"column":2},"end":{"line":37,"column":null}},"9":{"start":{"line":34,"column":4},"end":{"line":37,"column":null}},"10":{"start":{"line":40,"column":2},"end":{"line":43,"column":null}},"11":{"start":{"line":50,"column":2},"end":{"line":50,"column":null}},"12":{"start":{"line":57,"column":2},"end":{"line":57,"column":null}}},"fnMap":{"0":{"name":"(anonymous_0)","decl":{"start":{"line":4,"column":2},"end":{"line":4,"column":null}},"loc":{"start":{"line":7,"column":4},"end":{"line":9,"column":null}},"line":7},"1":{"name":"(anonymous_1)","decl":{"start":{"line":14,"column":2},"end":{"line":14,"column":14}},"loc":{"start":{"line":14,"column":37},"end":{"line":16,"column":null}},"line":14},"2":{"name":"(anonymous_2)","decl":{"start":{"line":21,"column":2},"end":{"line":21,"column":14}},"loc":{"start":{"line":21,"column":31},"end":{"line":23,"column":null}},"line":21},"3":{"name":"handleError","decl":{"start":{"line":30,"column":16},"end":{"line":30,"column":28}},"loc":{"start":{"line":30,"column":65},"end":{"line":43,"column":null}},"line":30},"4":{"name":"sendSuccess","decl":{"start":{"line":49,"column":16},"end":{"line":49,"column":31}},"loc":{"start":{"line":49,"column":75},"end":{"line":50,"column":null}},"line":49},"5":{"name":"methodNotAllowed","decl":{"start":{"line":56,"column":16},"end":{"line":56,"column":33}},"loc":{"start":{"line":56,"column":54},"end":{"line":57,"column":null}},"line":56}},"branchMap":{"0":{"loc":{"start":{"line":14,"column":14},"end":{"line":14,"column":37}},"type":"default-arg","locations":[{"start":{"line":14,"column":25},"end":{"line":14,"column":37}}],"line":14},"1":{"loc":{"start":{"line":33,"column":2},"end":{"line":37,"column":null}},"type":"if","locations":[{"start":{"line":33,"column":2},"end":{"line":37,"column":null}},{"start":{},"end":{}}],"line":33},"2":{"loc":{"start":{"line":49,"column":61},"end":{"line":49,"column":75}},"type":"default-arg","locations":[{"start":{"line":49,"column":70},"end":{"line":49,"column":75}}],"line":49}},"s":{"0":19,"1":19,"2":19,"3":3,"4":3,"5":14,"6":14,"7":17,"8":17,"9":15,"10":2,"11":17,"12":5},"f":{"0":19,"1":3,"2":14,"3":17,"4":17,"5":5},"b":{"0":[3],"1":[15,2],"2":[17]},"meta":{"lastBranch":3,"lastFunction":6,"lastStatement":13,"seen":{"f:4:2:4:Infinity":0,"s:8:4:8:Infinity":0,"s:5:11:5:Infinity":1,"s:9:4:9:Infinity":2,"f:14:2:14:14":1,"b:14:25:14:37":0,"s:15:4:15:Infinity":3,"s:16:4:16:Infinity":4,"f:21:2:21:14":2,"s:22:4:22:Infinity":5,"s:23:4:23:Infinity":6,"f:30:16:30:28":3,"s:31:2:31:Infinity":7,"b:33:2:37:Infinity:undefined:undefined:undefined:undefined":1,"s:33:2:37:Infinity":8,"s:34:4:37:Infinity":9,"s:40:2:43:Infinity":10,"f:49:16:49:31":4,"b:49:70:49:75":2,"s:50:2:50:Infinity":11,"f:56:16:56:33":5,"s:57:2:57:Infinity":12}}}
,"/Users/dmitrijli/Documents/code/github/ecommerce/apps/server/lib/supabase.ts": {"path":"/Users/dmitrijli/Documents/code/github/ecommerce/apps/server/lib/supabase.ts","statementMap":{"0":{"start":{"line":3,"column":41},"end":{"line":3,"column":null}},"1":{"start":{"line":9,"column":2},"end":{"line":22,"column":null}},"2":{"start":{"line":10,"column":16},"end":{"line":10,"column":null}},"3":{"start":{"line":11,"column":23},"end":{"line":11,"column":null}},"4":{"start":{"line":13,"column":4},"end":{"line":14,"column":null}},"5":{"start":{"line":14,"column":6},"end":{"line":14,"column":null}},"6":{"start":{"line":17,"column":4},"end":{"line":22,"column":null}},"7":{"start":{"line":24,"column":2},"end":{"line":24,"column":null}},"8":{"start":{"line":31,"column":14},"end":{"line":31,"column":null}},"9":{"start":{"line":32,"column":18},"end":{"line":32,"column":null}},"10":{"start":{"line":34,"column":2},"end":{"line":38,"column":null}}},"fnMap":{"0":{"name":"getSupabaseAdmin","decl":{"start":{"line":8,"column":16},"end":{"line":8,"column":51}},"loc":{"start":{"line":8,"column":51},"end":{"line":24,"column":null}},"line":8},"1":{"name":"getSupabaseForUser","decl":{"start":{"line":30,"column":16},"end":{"line":30,"column":35}},"loc":{"start":{"line":30,"column":72},"end":{"line":38,"column":null}},"line":30}},"branchMap":{"0":{"loc":{"start":{"line":9,"column":2},"end":{"line":22,"column":null}},"type":"if","locations":[{"start":{"line":9,"column":2},"end":{"line":22,"column":null}},{"start":{},"end":{}}],"line":9},"1":{"loc":{"start":{"line":13,"column":4},"end":{"line":14,"column":null}},"type":"if","locations":[{"start":{"line":13,"column":4},"end":{"line":14,"column":null}},{"start":{},"end":{}}],"line":13},"2":{"loc":{"start":{"line":13,"column":8},"end":{"line":13,"column":29}},"type":"binary-expr","locations":[{"start":{"line":13,"column":8},"end":{"line":13,"column":16}},{"start":{"line":13,"column":16},"end":{"line":13,"column":29}}],"line":13}},"s":{"0":0,"1":0,"2":0,"3":0,"4":0,"5":0,"6":0,"7":0,"8":0,"9":0,"10":0},"f":{"0":0,"1":0},"b":{"0":[0,0],"1":[0,0],"2":[0,0]},"meta":{"lastBranch":3,"lastFunction":2,"lastStatement":11,"seen":{"s:3:41:3:Infinity":0,"f:8:16:8:51":0,"b:9:2:22:Infinity:undefined:undefined:undefined:undefined":0,"s:9:2:22:Infinity":1,"s:10:16:10:Infinity":2,"s:11:23:11:Infinity":3,"b:13:4:14:Infinity:undefined:undefined:undefined:undefined":1,"s:13:4:14:Infinity":4,"b:13:8:13:16:13:16:13:29":2,"s:14:6:14:Infinity":5,"s:17:4:22:Infinity":6,"s:24:2:24:Infinity":7,"f:30:16:30:35":1,"s:31:14:31:Infinity":8,"s:32:18:32:Infinity":9,"s:34:2:38:Infinity":10}}}
}
