TN:
SF:api\admin\stats.ts
FN:7,handler
FN:38,(anonymous_1)
FNF:2
FNH:2
FNDA:6,handler
FNDA:3,(anonymous_1)
DA:8,6
DA:9,6
DA:11,4
DA:12,4
DA:13,4
DA:15,2
DA:18,2
DA:23,2
DA:28,2
DA:33,2
DA:38,3
DA:41,6
DA:47,2
DA:55,0
LF:14
LH:13
BRDA:8,0,0,0
BRDA:8,0,1,6
BRDA:9,1,0,2
BRDA:9,1,1,4
BRDA:13,2,0,2
BRDA:13,2,1,2
BRDA:38,3,0,2
BRDA:38,3,1,1
BRDA:48,4,0,2
BRDA:48,4,1,1
BRDA:49,5,0,6
BRDA:49,5,1,2
BRDA:50,6,0,6
BRDA:50,6,1,1
BRDA:52,7,0,6
BRDA:52,7,1,0
BRF:16
BRH:14
end_of_record
TN:
SF:api\auth\login.ts
FN:6,handler
FNF:1
FNH:1
FNDA:6,handler
DA:7,6
DA:8,6
DA:10,5
DA:11,5
DA:16,5
DA:17,3
DA:20,2
DA:21,2
DA:26,2
DA:27,1
DA:31,1
DA:37,1
DA:42,4
LF:13
LH:13
BRDA:7,0,0,0
BRDA:7,0,1,6
BRDA:8,1,0,1
BRDA:8,1,1,5
BRDA:16,2,0,3
BRDA:16,2,1,2
BRDA:16,3,0,5
BRDA:16,3,1,3
BRDA:26,4,0,1
BRDA:26,4,1,1
BRF:10
BRH:9
end_of_record
TN:
SF:api\auth\refresh.ts
FN:6,handler
FNF:1
FNH:1
FNDA:6,handler
DA:7,6
DA:8,6
DA:10,4
DA:11,4
DA:13,4
DA:14,2
DA:17,2
DA:18,2
DA:20,2
DA:21,1
DA:24,1
DA:28,3
LF:12
LH:12
BRDA:7,0,0,0
BRDA:7,0,1,6
BRDA:8,1,0,2
BRDA:8,1,1,4
BRDA:13,2,0,2
BRDA:13,2,1,2
BRDA:20,3,0,1
BRDA:20,3,1,1
BRF:8
BRH:7
end_of_record
TN:
SF:api\auth\register.ts
FN:6,handler
FNF:1
FNH:1
FNDA:6,handler
DA:7,6
DA:8,6
DA:10,5
DA:11,5
DA:17,5
DA:18,3
DA:21,2
DA:24,2
DA:30,2
DA:31,1
DA:35,1
DA:43,1
DA:44,0
DA:48,1
DA:53,1
DA:54,0
DA:57,1
DA:62,4
LF:18
LH:16
BRDA:7,0,0,0
BRDA:7,0,1,6
BRDA:8,1,0,1
BRDA:8,1,1,5
BRDA:17,2,0,3
BRDA:17,2,1,2
BRDA:17,3,0,5
BRDA:17,3,1,3
BRDA:17,3,2,3
BRDA:30,4,0,1
BRDA:30,4,1,1
BRDA:43,5,0,0
BRDA:43,5,1,1
BRDA:53,6,0,0
BRDA:53,6,1,1
BRF:15
BRH:12
end_of_record
TN:
SF:api\cart\[id].ts
FN:7,handler
FNF:1
FNH:1
FNDA:7,handler
DA:8,7
DA:9,7
DA:10,7
DA:11,7
DA:13,6
DA:14,6
DA:16,6
DA:18,4
DA:20,4
DA:21,2
DA:24,2
DA:32,2
DA:33,1
DA:37,1
DA:43,1
DA:44,1
DA:48,1
DA:51,3
LF:18
LH:18
BRDA:8,0,0,0
BRDA:8,0,1,7
BRDA:11,1,0,1
BRDA:11,1,1,6
BRDA:16,2,0,6
BRDA:16,2,1,1
BRDA:16,2,2,1
BRDA:20,3,0,2
BRDA:20,3,1,2
BRDA:20,4,0,4
BRDA:20,4,1,2
BRDA:32,5,0,1
BRDA:32,5,1,1
BRDA:32,6,0,2
BRDA:32,6,1,1
BRDA:43,7,0,0
BRDA:43,7,1,1
BRF:17
BRH:15
end_of_record
TN:
SF:api\cart\index.ts
FN:7,handler
FNF:1
FNH:1
FNDA:12,handler
DA:8,12
DA:9,12
DA:10,12
DA:11,12
DA:13,11
DA:15,11
DA:17,1
DA:22,1
DA:23,1
DA:27,8
DA:32,8
DA:33,3
DA:37,5
DA:45,5
DA:47,3
DA:53,3
DA:54,3
DA:57,2
DA:62,2
DA:63,2
DA:66,5
DA:71,1
DA:76,1
DA:77,1
DA:81,1
DA:84,3
LF:26
LH:26
BRDA:8,0,0,0
BRDA:8,0,1,12
BRDA:11,1,0,1
BRDA:11,1,1,11
BRDA:15,2,0,11
BRDA:15,2,1,8
BRDA:15,2,2,1
BRDA:15,2,3,1
BRDA:22,3,0,0
BRDA:22,3,1,1
BRDA:32,4,0,3
BRDA:32,4,1,5
BRDA:32,5,0,8
BRDA:32,5,1,7
BRDA:32,5,2,6
BRDA:45,6,0,3
BRDA:45,6,1,2
BRDA:53,7,0,0
BRDA:53,7,1,3
BRDA:62,8,0,0
BRDA:62,8,1,2
BRDA:76,9,0,0
BRDA:76,9,1,1
BRF:23
BRH:18
end_of_record
TN:
SF:api\categories\index.ts
FN:6,handler
FNF:1
FNH:1
FNDA:6,handler
DA:7,6
DA:8,6
DA:10,3
DA:11,3
DA:12,3
DA:17,3
DA:18,2
DA:20,1
LF:8
LH:8
BRDA:7,0,0,0
BRDA:7,0,1,6
BRDA:8,1,0,3
BRDA:8,1,1,3
BRDA:17,2,0,1
BRDA:17,2,1,2
BRF:6
BRH:5
end_of_record
TN:
SF:api\orders\[id].ts
FN:7,handler
FNF:1
FNH:1
FNDA:8,handler
DA:8,8
DA:9,8
DA:10,8
DA:11,8
DA:13,8
DA:14,8
DA:16,8
DA:18,2
DA:25,2
DA:26,1
DA:31,5
DA:32,5
DA:33,5
DA:35,4
DA:36,4
DA:38,4
DA:39,2
DA:45,2
DA:52,2
DA:53,1
DA:57,1
DA:60,2
LF:22
LH:22
BRDA:8,0,0,0
BRDA:8,0,1,8
BRDA:11,1,0,0
BRDA:11,1,1,8
BRDA:16,2,0,2
BRDA:16,2,1,5
BRDA:16,2,2,1
BRDA:25,3,0,1
BRDA:25,3,1,1
BRDA:25,4,0,2
BRDA:25,4,1,1
BRDA:33,5,0,1
BRDA:33,5,1,4
BRDA:38,6,0,2
BRDA:38,6,1,2
BRDA:38,7,0,4
BRDA:38,7,1,3
BRDA:52,8,0,1
BRDA:52,8,1,1
BRDA:52,9,0,2
BRDA:52,9,1,2
BRF:21
BRH:19
end_of_record
TN:
SF:api\orders\index.ts
FN:7,handler
FN:41,(anonymous_1)
FN:69,(anonymous_2)
FNF:3
FNH:3
FNDA:6,handler
FNDA:2,(anonymous_1)
FNDA:2,(anonymous_2)
DA:8,6
DA:9,6
DA:10,6
DA:11,6
DA:13,5
DA:15,5
DA:17,1
DA:23,1
DA:24,1
DA:29,3
DA:34,3
DA:35,3
DA:36,1
DA:40,2
DA:41,2
DA:42,2
DA:45,2
DA:46,2
DA:53,2
DA:56,2
DA:66,2
DA:69,2
DA:74,2
DA:78,2
DA:81,2
DA:82,2
DA:89,2
DA:94,2
DA:98,1
DA:101,1
LF:30
LH:30
BRDA:8,0,0,0
BRDA:8,0,1,6
BRDA:11,1,0,1
BRDA:11,1,1,5
BRDA:15,2,0,5
BRDA:15,2,1,3
BRDA:15,2,2,1
BRDA:23,3,0,0
BRDA:23,3,1,1
BRDA:34,4,0,0
BRDA:34,4,1,3
BRDA:35,5,0,1
BRDA:35,5,1,2
BRDA:35,6,0,3
BRDA:35,6,1,3
BRDA:42,7,0,1
BRDA:42,7,1,1
BRDA:66,8,0,0
BRDA:66,8,1,2
BRDA:78,9,0,0
BRDA:78,9,1,2
BRF:21
BRH:16
end_of_record
TN:
SF:api\products\[id].ts
FN:6,handler
FNF:1
FNH:1
FNDA:8,handler
DA:7,8
DA:8,8
DA:9,8
DA:10,8
DA:12,8
DA:14,2
DA:20,2
DA:21,1
DA:25,3
DA:26,3
DA:27,3
DA:29,2
DA:36,2
DA:37,2
DA:38,1
DA:42,2
DA:43,2
DA:44,2
DA:46,1
DA:51,1
DA:52,1
DA:56,1
DA:59,2
LF:23
LH:23
BRDA:7,0,0,0
BRDA:7,0,1,8
BRDA:12,1,0,2
BRDA:12,1,1,3
BRDA:12,1,2,2
BRDA:12,1,3,1
BRDA:20,2,0,1
BRDA:20,2,1,1
BRDA:20,3,0,2
BRDA:20,3,1,1
BRDA:27,4,0,1
BRDA:27,4,1,2
BRDA:36,5,0,0
BRDA:36,5,1,2
BRDA:37,6,0,1
BRDA:37,6,1,1
BRDA:44,7,0,1
BRDA:44,7,1,1
BRDA:51,8,0,0
BRDA:51,8,1,1
BRF:20
BRH:17
end_of_record
TN:
SF:api\products\index.ts
FN:6,handler
FNF:1
FNH:1
FNDA:7,handler
DA:7,7
DA:8,7
DA:9,7
DA:11,7
DA:22,4
DA:24,4
DA:25,4
DA:26,4
DA:27,4
DA:29,4
DA:33,4
DA:34,4
DA:35,4
DA:36,4
DA:38,4
DA:39,4
DA:41,4
DA:43,4
DA:45,4
DA:56,2
DA:57,2
DA:58,2
DA:60,1
DA:62,1
DA:68,1
DA:69,1
DA:73,1
DA:76,0
LF:28
LH:27
BRDA:7,0,0,0
BRDA:7,0,1,7
BRDA:11,1,0,4
BRDA:11,1,1,2
BRDA:11,1,2,1
BRDA:18,2,0,4
BRDA:19,3,0,4
BRDA:20,4,0,4
BRDA:21,5,0,4
BRDA:33,6,0,1
BRDA:33,6,1,3
BRDA:34,7,0,0
BRDA:34,7,1,4
BRDA:35,8,0,0
BRDA:35,8,1,4
BRDA:36,9,0,0
BRDA:36,9,1,4
BRDA:43,10,0,0
BRDA:43,10,1,4
BRDA:48,11,0,4
BRDA:48,11,1,1
BRDA:58,12,0,1
BRDA:58,12,1,1
BRDA:64,13,0,1
BRDA:64,13,1,1
BRDA:68,14,0,0
BRDA:68,14,1,1
BRF:27
BRH:21
end_of_record
TN:
SF:api\users\profile.ts
FN:7,handler
FNF:1
FNH:1
FNDA:8,handler
DA:8,8
DA:9,8
DA:10,8
DA:11,8
DA:13,6
DA:15,6
DA:17,2
DA:23,2
DA:24,1
DA:28,2
DA:30,2
DA:43,2
DA:44,2
DA:48,2
DA:51,1
LF:15
LH:15
BRDA:8,0,0,0
BRDA:8,0,1,8
BRDA:11,1,0,2
BRDA:11,1,1,6
BRDA:15,2,0,6
BRDA:15,2,1,2
BRDA:15,2,2,2
BRDA:23,3,0,1
BRDA:23,3,1,1
BRDA:23,4,0,2
BRDA:23,4,1,1
BRDA:43,5,0,0
BRDA:43,5,1,2
BRF:13
BRH:11
end_of_record
TN:
SF:lib\auth.ts
FN:7,extractToken
FN:16,getAuthUser
FN:31,requireAuth
FN:43,requireAdmin
FNF:4
FNH:4
FNDA:11,extractToken
FNDA:7,getAuthUser
FNDA:4,requireAuth
FNDA:2,requireAdmin
DA:8,11
DA:9,11
DA:10,7
DA:17,7
DA:18,7
DA:20,5
DA:21,5
DA:23,5
DA:24,4
DA:32,4
DA:33,4
DA:34,1
DA:35,1
DA:37,3
DA:44,2
DA:45,2
DA:47,2
DA:48,2
DA:54,2
DA:55,1
DA:56,1
DA:59,1
LF:22
LH:22
BRDA:9,0,0,4
BRDA:9,0,1,7
BRDA:18,1,0,2
BRDA:18,1,1,5
BRDA:23,2,0,1
BRDA:23,2,1,4
BRDA:23,3,0,5
BRDA:23,3,1,4
BRDA:33,4,0,1
BRDA:33,4,1,3
BRDA:45,5,0,0
BRDA:45,5,1,2
BRDA:54,6,0,1
BRDA:54,6,1,1
BRF:14
BRH:13
end_of_record
TN:
SF:lib\cors.ts
FN:12,cors
FNF:1
FNH:1
FNDA:7,cors
DA:3,1
DA:13,7
DA:17,7
DA:20,7
DA:21,7
DA:22,7
DA:23,7
DA:24,7
DA:27,7
DA:28,1
DA:29,1
DA:32,6
LF:12
LH:12
BRDA:13,0,0,7
BRDA:13,0,1,1
BRDA:17,1,0,7
BRDA:17,1,1,3
BRDA:20,2,0,5
BRDA:20,2,1,2
BRDA:27,3,0,1
BRDA:27,3,1,6
BRF:8
BRH:8
end_of_record
TN:
SF:lib\errors.ts
FN:4,(anonymous_0)
FN:14,(anonymous_1)
FN:21,(anonymous_2)
FN:30,handleError
FN:49,sendSuccess
FN:56,methodNotAllowed
FNF:6
FNH:6
FNDA:28,(anonymous_0)
FNDA:8,(anonymous_1)
FNDA:18,(anonymous_2)
FNDA:27,handleError
FNDA:30,sendSuccess
FNDA:18,methodNotAllowed
DA:5,28
DA:8,28
DA:9,28
DA:15,8
DA:16,8
DA:22,18
DA:23,18
DA:31,27
DA:33,27
DA:34,24
DA:40,3
DA:50,30
DA:57,18
LF:13
LH:13
BRDA:14,0,0,8
BRDA:33,1,0,24
BRDA:33,1,1,3
BRDA:49,2,0,30
BRF:4
BRH:4
end_of_record
TN:
SF:lib\supabase.ts
FN:8,getSupabaseAdmin
FN:30,getSupabaseForUser
FNF:2
FNH:2
FNDA:5,getSupabaseAdmin
FNDA:3,getSupabaseForUser
DA:3,6
DA:9,5
DA:10,4
DA:11,4
DA:13,4
DA:14,2
DA:17,2
DA:24,3
DA:31,3
DA:32,3
DA:34,3
LF:11
LH:11
BRDA:9,0,0,4
BRDA:9,0,1,1
BRDA:13,1,0,2
BRDA:13,1,1,2
BRDA:13,2,0,4
BRDA:13,2,1,3
BRF:6
BRH:6
end_of_record
