TN:
SF:api/auth/login.ts
FN:6,handler
FNF:1
FNH:1
FNDA:6,handler
DA:7,6
DA:8,6
DA:10,5
DA:11,5
DA:16,5
DA:17,3
DA:20,2
DA:21,2
DA:26,2
DA:27,1
DA:31,1
DA:37,1
DA:42,4
LF:13
LH:13
BRDA:7,0,0,0
BRDA:7,0,1,6
BRDA:8,1,0,1
BRDA:8,1,1,5
BRDA:16,2,0,3
BRDA:16,2,1,2
BRDA:16,3,0,5
BRDA:16,3,1,3
BRDA:26,4,0,1
BRDA:26,4,1,1
BRF:10
BRH:9
end_of_record
TN:
SF:api/auth/refresh.ts
FN:6,handler
FNF:1
FNH:0
FNDA:0,handler
DA:7,0
DA:8,0
DA:10,0
DA:11,0
DA:13,0
DA:14,0
DA:17,0
DA:18,0
DA:20,0
DA:21,0
DA:24,0
DA:28,0
LF:12
LH:0
BRDA:7,0,0,0
BRDA:7,0,1,0
BRDA:8,1,0,0
BRDA:8,1,1,0
BRDA:13,2,0,0
BRDA:13,2,1,0
BRDA:20,3,0,0
BRDA:20,3,1,0
BRF:8
BRH:0
end_of_record
TN:
SF:api/auth/register.ts
FN:6,handler
FNF:1
FNH:1
FNDA:6,handler
DA:7,6
DA:8,6
DA:10,5
DA:11,5
DA:17,5
DA:18,3
DA:21,2
DA:24,2
DA:30,2
DA:31,1
DA:35,1
DA:43,1
DA:44,0
DA:48,1
DA:53,1
DA:54,0
DA:57,1
DA:62,4
LF:18
LH:16
BRDA:7,0,0,0
BRDA:7,0,1,6
BRDA:8,1,0,1
BRDA:8,1,1,5
BRDA:17,2,0,3
BRDA:17,2,1,2
BRDA:17,3,0,5
BRDA:17,3,1,3
BRDA:17,3,2,3
BRDA:30,4,0,1
BRDA:30,4,1,1
BRDA:43,5,0,0
BRDA:43,5,1,1
BRDA:53,6,0,0
BRDA:53,6,1,1
BRF:15
BRH:12
end_of_record
TN:
SF:api/cart/[id].ts
FN:7,handler
FNF:1
FNH:1
FNDA:2,handler
DA:8,2
DA:9,2
DA:10,2
DA:11,2
DA:13,2
DA:14,2
DA:16,2
DA:18,2
DA:20,2
DA:21,1
DA:24,1
DA:32,1
DA:33,1
DA:37,0
DA:43,0
DA:44,0
DA:48,0
DA:51,1
LF:18
LH:14
BRDA:8,0,0,0
BRDA:8,0,1,2
BRDA:11,1,0,0
BRDA:11,1,1,2
BRDA:16,2,0,2
BRDA:16,2,1,0
BRDA:16,2,2,0
BRDA:20,3,0,1
BRDA:20,3,1,1
BRDA:20,4,0,2
BRDA:20,4,1,1
BRDA:32,5,0,0
BRDA:32,5,1,1
BRDA:32,6,0,1
BRDA:32,6,1,1
BRDA:43,7,0,0
BRDA:43,7,1,0
BRF:17
BRH:10
end_of_record
TN:
SF:api/cart/index.ts
FN:7,handler
FNF:1
FNH:1
FNDA:11,handler
DA:8,11
DA:9,11
DA:10,11
DA:11,11
DA:13,10
DA:15,10
DA:17,1
DA:22,1
DA:23,1
DA:27,8
DA:32,8
DA:33,3
DA:37,5
DA:45,5
DA:47,3
DA:53,3
DA:54,3
DA:57,2
DA:62,2
DA:63,2
DA:66,5
DA:71,1
DA:76,1
DA:77,1
DA:81,0
DA:84,3
LF:26
LH:25
BRDA:8,0,0,0
BRDA:8,0,1,11
BRDA:11,1,0,1
BRDA:11,1,1,10
BRDA:15,2,0,10
BRDA:15,2,1,8
BRDA:15,2,2,1
BRDA:15,2,3,0
BRDA:22,3,0,0
BRDA:22,3,1,1
BRDA:32,4,0,3
BRDA:32,4,1,5
BRDA:32,5,0,8
BRDA:32,5,1,7
BRDA:32,5,2,6
BRDA:45,6,0,3
BRDA:45,6,1,2
BRDA:53,7,0,0
BRDA:53,7,1,3
BRDA:62,8,0,0
BRDA:62,8,1,2
BRDA:76,9,0,0
BRDA:76,9,1,1
BRF:23
BRH:17
end_of_record
TN:
SF:api/orders/[id].ts
FN:7,handler
FNF:1
FNH:1
FNDA:4,handler
DA:8,4
DA:9,4
DA:10,4
DA:11,4
DA:13,4
DA:14,4
DA:16,4
DA:18,2
DA:25,2
DA:26,1
DA:31,2
DA:32,2
DA:33,2
DA:35,1
DA:36,1
DA:38,1
DA:39,1
DA:45,0
DA:52,0
DA:53,0
DA:57,0
DA:60,1
LF:22
LH:18
BRDA:8,0,0,0
BRDA:8,0,1,4
BRDA:11,1,0,0
BRDA:11,1,1,4
BRDA:16,2,0,2
BRDA:16,2,1,2
BRDA:16,2,2,0
BRDA:25,3,0,1
BRDA:25,3,1,1
BRDA:25,4,0,2
BRDA:25,4,1,1
BRDA:33,5,0,1
BRDA:33,5,1,1
BRDA:38,6,0,1
BRDA:38,6,1,0
BRDA:38,7,0,1
BRDA:38,7,1,1
BRDA:52,8,0,0
BRDA:52,8,1,0
BRDA:52,9,0,0
BRDA:52,9,1,0
BRF:21
BRH:13
end_of_record
TN:
SF:api/orders/index.ts
FN:7,handler
FN:41,(anonymous_1)
FN:69,(anonymous_2)
FNF:3
FNH:3
FNDA:6,handler
FNDA:2,(anonymous_1)
FNDA:2,(anonymous_2)
DA:8,6
DA:9,6
DA:10,6
DA:11,6
DA:13,5
DA:15,5
DA:17,1
DA:23,1
DA:24,1
DA:29,3
DA:34,3
DA:35,3
DA:36,1
DA:40,2
DA:41,2
DA:42,2
DA:45,2
DA:46,2
DA:53,2
DA:56,2
DA:66,2
DA:69,2
DA:74,2
DA:78,2
DA:81,2
DA:82,2
DA:89,2
DA:94,2
DA:98,1
DA:101,1
LF:30
LH:30
BRDA:8,0,0,0
BRDA:8,0,1,6
BRDA:11,1,0,1
BRDA:11,1,1,5
BRDA:15,2,0,5
BRDA:15,2,1,3
BRDA:15,2,2,1
BRDA:23,3,0,0
BRDA:23,3,1,1
BRDA:34,4,0,0
BRDA:34,4,1,3
BRDA:35,5,0,1
BRDA:35,5,1,2
BRDA:35,6,0,3
BRDA:35,6,1,3
BRDA:42,7,0,1
BRDA:42,7,1,1
BRDA:66,8,0,0
BRDA:66,8,1,2
BRDA:78,9,0,0
BRDA:78,9,1,2
BRF:21
BRH:16
end_of_record
TN:
SF:api/products/[id].ts
FN:6,handler
FNF:1
FNH:0
FNDA:0,handler
DA:7,0
DA:8,0
DA:9,0
DA:10,0
DA:12,0
DA:14,0
DA:20,0
DA:21,0
DA:25,0
DA:26,0
DA:27,0
DA:29,0
DA:36,0
DA:37,0
DA:38,0
DA:42,0
DA:43,0
DA:44,0
DA:46,0
DA:51,0
DA:52,0
DA:56,0
DA:59,0
LF:23
LH:0
BRDA:7,0,0,0
BRDA:7,0,1,0
BRDA:12,1,0,0
BRDA:12,1,1,0
BRDA:12,1,2,0
BRDA:12,1,3,0
BRDA:20,2,0,0
BRDA:20,2,1,0
BRDA:20,3,0,0
BRDA:20,3,1,0
BRDA:27,4,0,0
BRDA:27,4,1,0
BRDA:36,5,0,0
BRDA:36,5,1,0
BRDA:37,6,0,0
BRDA:37,6,1,0
BRDA:44,7,0,0
BRDA:44,7,1,0
BRDA:51,8,0,0
BRDA:51,8,1,0
BRF:20
BRH:0
end_of_record
TN:
SF:api/products/index.ts
FN:6,handler
FNF:1
FNH:1
FNDA:7,handler
DA:7,7
DA:8,7
DA:9,7
DA:11,7
DA:22,4
DA:24,4
DA:25,4
DA:26,4
DA:27,4
DA:29,4
DA:33,4
DA:34,4
DA:35,4
DA:36,4
DA:38,4
DA:39,4
DA:41,4
DA:43,4
DA:45,4
DA:56,2
DA:57,2
DA:58,2
DA:60,1
DA:62,1
DA:68,1
DA:69,1
DA:73,1
DA:76,0
LF:28
LH:27
BRDA:7,0,0,0
BRDA:7,0,1,7
BRDA:11,1,0,4
BRDA:11,1,1,2
BRDA:11,1,2,1
BRDA:18,2,0,4
BRDA:19,3,0,4
BRDA:20,4,0,4
BRDA:21,5,0,4
BRDA:33,6,0,1
BRDA:33,6,1,3
BRDA:34,7,0,0
BRDA:34,7,1,4
BRDA:35,8,0,0
BRDA:35,8,1,4
BRDA:36,9,0,0
BRDA:36,9,1,4
BRDA:43,10,0,0
BRDA:43,10,1,4
BRDA:48,11,0,4
BRDA:48,11,1,1
BRDA:58,12,0,1
BRDA:58,12,1,1
BRDA:64,13,0,1
BRDA:64,13,1,1
BRDA:68,14,0,0
BRDA:68,14,1,1
BRF:27
BRH:21
end_of_record
TN:
SF:lib/auth.ts
FN:7,extractToken
FN:16,getAuthUser
FN:31,requireAuth
FN:43,requireAdmin
FNF:4
FNH:4
FNDA:11,extractToken
FNDA:7,getAuthUser
FNDA:4,requireAuth
FNDA:2,requireAdmin
DA:8,11
DA:9,11
DA:10,7
DA:17,7
DA:18,7
DA:20,5
DA:21,5
DA:23,5
DA:24,4
DA:32,4
DA:33,4
DA:34,1
DA:35,1
DA:37,3
DA:44,2
DA:45,2
DA:47,2
DA:48,2
DA:54,2
DA:55,1
DA:56,1
DA:59,1
LF:22
LH:22
BRDA:9,0,0,4
BRDA:9,0,1,7
BRDA:18,1,0,2
BRDA:18,1,1,5
BRDA:23,2,0,1
BRDA:23,2,1,4
BRDA:23,3,0,5
BRDA:23,3,1,4
BRDA:33,4,0,1
BRDA:33,4,1,3
BRDA:45,5,0,0
BRDA:45,5,1,2
BRDA:54,6,0,1
BRDA:54,6,1,1
BRF:14
BRH:13
end_of_record
TN:
SF:lib/cors.ts
FN:12,cors
FNF:1
FNH:0
FNDA:0,cors
DA:3,0
DA:13,0
DA:17,0
DA:20,0
DA:21,0
DA:22,0
DA:23,0
DA:24,0
DA:27,0
DA:28,0
DA:29,0
DA:32,0
LF:12
LH:0
BRDA:13,0,0,0
BRDA:13,0,1,0
BRDA:17,1,0,0
BRDA:17,1,1,0
BRDA:20,2,0,0
BRDA:20,2,1,0
BRDA:27,3,0,0
BRDA:27,3,1,0
BRF:8
BRH:0
end_of_record
TN:
SF:lib/errors.ts
FN:4,(anonymous_0)
FN:14,(anonymous_1)
FN:21,(anonymous_2)
FN:30,handleError
FN:49,sendSuccess
FN:56,methodNotAllowed
FNF:6
FNH:6
FNDA:19,(anonymous_0)
FNDA:3,(anonymous_1)
FNDA:14,(anonymous_2)
FNDA:17,handleError
FNDA:17,sendSuccess
FNDA:5,methodNotAllowed
DA:5,19
DA:8,19
DA:9,19
DA:15,3
DA:16,3
DA:22,14
DA:23,14
DA:31,17
DA:33,17
DA:34,15
DA:40,2
DA:50,17
DA:57,5
LF:13
LH:13
BRDA:14,0,0,3
BRDA:33,1,0,15
BRDA:33,1,1,2
BRDA:49,2,0,17
BRF:4
BRH:4
end_of_record
TN:
SF:lib/supabase.ts
FN:8,getSupabaseAdmin
FN:30,getSupabaseForUser
FNF:2
FNH:0
FNDA:0,getSupabaseAdmin
FNDA:0,getSupabaseForUser
DA:3,0
DA:9,0
DA:10,0
DA:11,0
DA:13,0
DA:14,0
DA:17,0
DA:24,0
DA:31,0
DA:32,0
DA:34,0
LF:11
LH:0
BRDA:9,0,0,0
BRDA:9,0,1,0
BRDA:13,1,0,0
BRDA:13,1,1,0
BRDA:13,2,0,0
BRDA:13,2,1,0
BRF:6
BRH:0
end_of_record
