{"C:\\Users\\abeno\\OneDrive\\Рабочий стол\\ecommerce-qa\\apps\\client\\src\\features\\auth\\authStore.ts": {"path":"C:\\Users\\abeno\\OneDrive\\Рабочий стол\\ecommerce-qa\\apps\\client\\src\\features\\auth\\authStore.ts","statementMap":{"0":{"start":{"line":28,"column":13},"end":{"line":93,"column":3}},"1":{"start":{"line":28,"column":56},"end":{"line":93,"column":3}},"2":{"start":{"line":35,"column":4},"end":{"line":35,"column":null}},"3":{"start":{"line":36,"column":4},"end":{"line":47,"column":null}},"4":{"start":{"line":37,"column":28},"end":{"line":37,"column":78}},"5":{"start":{"line":38,"column":32},"end":{"line":38,"column":null}},"6":{"start":{"line":39,"column":6},"end":{"line":39,"column":null}},"7":{"start":{"line":40,"column":6},"end":{"line":40,"column":null}},"8":{"start":{"line":41,"column":6},"end":{"line":41,"column":null}},"9":{"start":{"line":43,"column":20},"end":{"line":43,"column":null}},"10":{"start":{"line":44,"column":6},"end":{"line":47,"column":null}},"11":{"start":{"line":52,"column":4},"end":{"line":52,"column":null}},"12":{"start":{"line":53,"column":4},"end":{"line":68,"column":null}},"13":{"start":{"line":54,"column":28},"end":{"line":58,"column":8}},"14":{"start":{"line":59,"column":32},"end":{"line":59,"column":null}},"15":{"start":{"line":60,"column":6},"end":{"line":60,"column":null}},"16":{"start":{"line":61,"column":6},"end":{"line":61,"column":null}},"17":{"start":{"line":62,"column":6},"end":{"line":62,"column":null}},"18":{"start":{"line":64,"column":20},"end":{"line":64,"column":null}},"19":{"start":{"line":65,"column":6},"end":{"line":68,"column":null}},"20":{"start":{"line":73,"column":4},"end":{"line":73,"column":null}},"21":{"start":{"line":74,"column":4},"end":{"line":74,"column":null}},"22":{"start":{"line":75,"column":4},"end":{"line":75,"column":null}},"23":{"start":{"line":79,"column":21},"end":{"line":79,"column":49}},"24":{"start":{"line":80,"column":24},"end":{"line":80,"column":55}},"25":{"start":{"line":81,"column":4},"end":{"line":87,"column":null}},"26":{"start":{"line":82,"column":6},"end":{"line":87,"column":null}},"27":{"start":{"line":83,"column":21},"end":{"line":83,"column":41}},"28":{"start":{"line":84,"column":8},"end":{"line":84,"column":null}},"29":{"start":{"line":86,"column":8},"end":{"line":86,"column":null}},"30":{"start":{"line":87,"column":8},"end":{"line":87,"column":null}},"31":{"start":{"line":92,"column":20},"end":{"line":92,"column":null}}},"fnMap":{"0":{"name":"(anonymous_0)","decl":{"start":{"line":28,"column":28},"end":{"line":28,"column":47}},"loc":{"start":{"line":28,"column":56},"end":{"line":93,"column":3}},"line":28},"1":{"name":"(anonymous_1)","decl":{"start":{"line":34,"column":9},"end":{"line":34,"column":16}},"loc":{"start":{"line":34,"column":36},"end":{"line":47,"column":null}},"line":34},"2":{"name":"(anonymous_2)","decl":{"start":{"line":51,"column":12},"end":{"line":51,"column":19}},"loc":{"start":{"line":51,"column":49},"end":{"line":68,"column":null}},"line":51},"3":{"name":"(anonymous_3)","decl":{"start":{"line":72,"column":2},"end":{"line":72,"column":16}},"loc":{"start":{"line":72,"column":16},"end":{"line":75,"column":null}},"line":72},"4":{"name":"(anonymous_4)","decl":{"start":{"line":78,"column":2},"end":{"line":78,"column":21}},"loc":{"start":{"line":78,"column":21},"end":{"line":87,"column":null}},"line":78},"5":{"name":"(anonymous_5)","decl":{"start":{"line":92,"column":2},"end":{"line":92,"column":20}},"loc":{"start":{"line":92,"column":20},"end":{"line":92,"column":null}},"line":92}},"branchMap":{"0":{"loc":{"start":{"line":45,"column":15},"end":{"line":45,"column":null}},"type":"binary-expr","locations":[{"start":{"line":45,"column":15},"end":{"line":45,"column":46}},{"start":{"line":45,"column":46},"end":{"line":45,"column":null}}],"line":45},"1":{"loc":{"start":{"line":66,"column":15},"end":{"line":66,"column":null}},"type":"binary-expr","locations":[{"start":{"line":66,"column":15},"end":{"line":66,"column":46}},{"start":{"line":66,"column":46},"end":{"line":66,"column":null}}],"line":66},"2":{"loc":{"start":{"line":81,"column":4},"end":{"line":87,"column":null}},"type":"if","locations":[{"start":{"line":81,"column":4},"end":{"line":87,"column":null}},{"start":{},"end":{}}],"line":81},"3":{"loc":{"start":{"line":81,"column":8},"end":{"line":81,"column":33}},"type":"binary-expr","locations":[{"start":{"line":81,"column":8},"end":{"line":81,"column":20}},{"start":{"line":81,"column":20},"end":{"line":81,"column":33}}],"line":81}},"s":{"0":1,"1":1,"2":4,"3":4,"4":4,"5":2,"6":2,"7":2,"8":2,"9":2,"10":2,"11":3,"12":3,"13":3,"14":1,"15":1,"16":1,"17":1,"18":2,"19":2,"20":1,"21":1,"22":1,"23":3,"24":3,"25":3,"26":2,"27":2,"28":2,"29":1,"30":1,"31":1},"f":{"0":1,"1":4,"2":3,"3":1,"4":3,"5":1},"b":{"0":[2,1],"1":[2,1],"2":[2,1],"3":[3,2]},"meta":{"lastBranch":4,"lastFunction":6,"lastStatement":32,"seen":{"s:28:13:93:3":0,"f:28:28:28:47":0,"s:28:56:93:3":1,"f:34:9:34:16":1,"s:35:4:35:Infinity":2,"s:36:4:47:Infinity":3,"s:37:28:37:78":4,"s:38:32:38:Infinity":5,"s:39:6:39:Infinity":6,"s:40:6:40:Infinity":7,"s:41:6:41:Infinity":8,"s:43:20:43:Infinity":9,"s:44:6:47:Infinity":10,"b:45:15:45:46:45:46:45:Infinity":0,"f:51:12:51:19":2,"s:52:4:52:Infinity":11,"s:53:4:68:Infinity":12,"s:54:28:58:8":13,"s:59:32:59:Infinity":14,"s:60:6:60:Infinity":15,"s:61:6:61:Infinity":16,"s:62:6:62:Infinity":17,"s:64:20:64:Infinity":18,"s:65:6:68:Infinity":19,"b:66:15:66:46:66:46:66:Infinity":1,"f:72:2:72:16":3,"s:73:4:73:Infinity":20,"s:74:4:74:Infinity":21,"s:75:4:75:Infinity":22,"f:78:2:78:21":4,"s:79:21:79:49":23,"s:80:24:80:55":24,"b:81:4:87:Infinity:undefined:undefined:undefined:undefined":2,"s:81:4:87:Infinity":25,"b:81:8:81:20:81:20:81:33":3,"s:82:6:87:Infinity":26,"s:83:21:83:41":27,"s:84:8:84:Infinity":28,"s:86:8:86:Infinity":29,"s:87:8:87:Infinity":30,"f:92:2:92:20":5,"s:92:20:92:Infinity":31}}}
,"C:\\Users\\abeno\\OneDrive\\Рабочий стол\\ecommerce-qa\\apps\\client\\src\\features\\cart\\cartStore.ts": {"path":"C:\\Users\\abeno\\OneDrive\\Рабочий стол\\ecommerce-qa\\apps\\client\\src\\features\\cart\\cartStore.ts","statementMap":{"0":{"start":{"line":31,"column":19},"end":{"line":31,"column":null}},"1":{"start":{"line":32,"column":19},"end":{"line":32,"column":null}},"2":{"start":{"line":33,"column":2},"end":{"line":39,"column":null}},"3":{"start":{"line":34,"column":4},"end":{"line":34,"column":null}},"4":{"start":{"line":35,"column":4},"end":{"line":39,"column":null}},"5":{"start":{"line":36,"column":20},"end":{"line":38,"column":null}},"6":{"start":{"line":39,"column":6},"end":{"line":39,"column":null}},"7":{"start":{"line":42,"column":2},"end":{"line":42,"column":null}},"8":{"start":{"line":45,"column":13},"end":{"line":97,"column":3}},"9":{"start":{"line":45,"column":61},"end":{"line":97,"column":3}},"10":{"start":{"line":52,"column":4},"end":{"line":52,"column":null}},"11":{"start":{"line":53,"column":4},"end":{"line":58,"column":null}},"12":{"start":{"line":54,"column":28},"end":{"line":54,"column":50}},"13":{"start":{"line":55,"column":20},"end":{"line":55,"column":34}},"14":{"start":{"line":56,"column":6},"end":{"line":56,"column":null}},"15":{"start":{"line":58,"column":6},"end":{"line":58,"column":null}},"16":{"start":{"line":63,"column":4},"end":{"line":66,"column":null}},"17":{"start":{"line":64,"column":6},"end":{"line":64,"column":null}},"18":{"start":{"line":65,"column":6},"end":{"line":65,"column":null}},"19":{"start":{"line":72,"column":4},"end":{"line":75,"column":null}},"20":{"start":{"line":73,"column":6},"end":{"line":73,"column":null}},"21":{"start":{"line":74,"column":6},"end":{"line":74,"column":null}},"22":{"start":{"line":81,"column":4},"end":{"line":84,"column":null}},"23":{"start":{"line":82,"column":6},"end":{"line":82,"column":null}},"24":{"start":{"line":83,"column":6},"end":{"line":83,"column":null}},"25":{"start":{"line":90,"column":4},"end":{"line":93,"column":null}},"26":{"start":{"line":91,"column":6},"end":{"line":91,"column":null}},"27":{"start":{"line":92,"column":6},"end":{"line":92,"column":null}}},"fnMap":{"0":{"name":"calcTotals","decl":{"start":{"line":30,"column":16},"end":{"line":30,"column":27}},"loc":{"start":{"line":30,"column":46},"end":{"line":42,"column":null}},"line":30},"1":{"name":"(anonymous_1)","decl":{"start":{"line":45,"column":28},"end":{"line":45,"column":47}},"loc":{"start":{"line":45,"column":61},"end":{"line":97,"column":3}},"line":45},"2":{"name":"(anonymous_2)","decl":{"start":{"line":51,"column":13},"end":{"line":51,"column":25}},"loc":{"start":{"line":51,"column":25},"end":{"line":58,"column":null}},"line":51},"3":{"name":"(anonymous_3)","decl":{"start":{"line":62,"column":13},"end":{"line":62,"column":20}},"loc":{"start":{"line":62,"column":48},"end":{"line":66,"column":null}},"line":62},"4":{"name":"(anonymous_4)","decl":{"start":{"line":71,"column":18},"end":{"line":71,"column":25}},"loc":{"start":{"line":71,"column":46},"end":{"line":75,"column":null}},"line":71},"5":{"name":"(anonymous_5)","decl":{"start":{"line":80,"column":14},"end":{"line":80,"column":21}},"loc":{"start":{"line":80,"column":32},"end":{"line":84,"column":null}},"line":80},"6":{"name":"(anonymous_6)","decl":{"start":{"line":89,"column":13},"end":{"line":89,"column":25}},"loc":{"start":{"line":89,"column":25},"end":{"line":93,"column":null}},"line":89}},"branchMap":{"0":{"loc":{"start":{"line":35,"column":4},"end":{"line":39,"column":null}},"type":"if","locations":[{"start":{"line":35,"column":4},"end":{"line":39,"column":null}},{"start":{},"end":{}}],"line":35},"1":{"loc":{"start":{"line":36,"column":20},"end":{"line":38,"column":null}},"type":"cond-expr","locations":[{"start":{"line":37,"column":10},"end":{"line":37,"column":null}},{"start":{"line":38,"column":10},"end":{"line":38,"column":null}}],"line":36},"2":{"loc":{"start":{"line":55,"column":20},"end":{"line":55,"column":34}},"type":"binary-expr","locations":[{"start":{"line":55,"column":20},"end":{"line":55,"column":32}},{"start":{"line":55,"column":32},"end":{"line":55,"column":34}}],"line":55},"3":{"loc":{"start":{"line":62,"column":31},"end":{"line":62,"column":48}},"type":"default-arg","locations":[{"start":{"line":62,"column":42},"end":{"line":62,"column":48}}],"line":62}},"s":{"0":12,"1":12,"2":12,"3":8,"4":8,"5":7,"6":7,"7":12,"8":2,"9":2,"10":9,"11":9,"12":9,"13":8,"14":9,"15":1,"16":3,"17":3,"18":2,"19":2,"20":2,"21":1,"22":2,"23":2,"24":1,"25":2,"26":2,"27":1},"f":{"0":12,"1":2,"2":9,"3":3,"4":2,"5":2,"6":2},"b":{"0":[7,1],"1":[3,4],"2":[8,1],"3":[3]},"meta":{"lastBranch":4,"lastFunction":7,"lastStatement":28,"seen":{"f:30:16:30:27":0,"s:31:19:31:Infinity":0,"s:32:19:32:Infinity":1,"s:33:2:39:Infinity":2,"s:34:4:34:Infinity":3,"b:35:4:39:Infinity:undefined:undefined:undefined:undefined":0,"s:35:4:39:Infinity":4,"s:36:20:38:Infinity":5,"b:37:10:37:Infinity:38:10:38:Infinity":1,"s:39:6:39:Infinity":6,"s:42:2:42:Infinity":7,"s:45:13:97:3":8,"f:45:28:45:47":1,"s:45:61:97:3":9,"f:51:13:51:25":2,"s:52:4:52:Infinity":10,"s:53:4:58:Infinity":11,"s:54:28:54:50":12,"s:55:20:55:34":13,"b:55:20:55:32:55:32:55:34":2,"s:56:6:56:Infinity":14,"s:58:6:58:Infinity":15,"f:62:13:62:20":3,"b:62:42:62:48":3,"s:63:4:66:Infinity":16,"s:64:6:64:Infinity":17,"s:65:6:65:Infinity":18,"f:71:18:71:25":4,"s:72:4:75:Infinity":19,"s:73:6:73:Infinity":20,"s:74:6:74:Infinity":21,"f:80:14:80:21":5,"s:81:4:84:Infinity":22,"s:82:6:82:Infinity":23,"s:83:6:83:Infinity":24,"f:89:13:89:25":6,"s:90:4:93:Infinity":25,"s:91:6:91:Infinity":26,"s:92:6:92:Infinity":27}}}
,"C:\\Users\\abeno\\OneDrive\\Рабочий стол\\ecommerce-qa\\apps\\client\\src\\features\\catalog\\productStore.ts": {"path":"C:\\Users\\abeno\\OneDrive\\Рабочий стол\\ecommerce-qa\\apps\\client\\src\\features\\catalog\\productStore.ts","statementMap":{"0":{"start":{"line":49,"column":13},"end":{"line":111,"column":3}},"1":{"start":{"line":49,"column":67},"end":{"line":111,"column":3}},"2":{"start":{"line":60,"column":4},"end":{"line":60,"column":null}},"3":{"start":{"line":61,"column":37},"end":{"line":61,"column":42}},"4":{"start":{"line":62,"column":4},"end":{"line":80,"column":null}},"5":{"start":{"line":63,"column":21},"end":{"line":63,"column":42}},"6":{"start":{"line":64,"column":6},"end":{"line":64,"column":null}},"7":{"start":{"line":64,"column":31},"end":{"line":64,"column":null}},"8":{"start":{"line":65,"column":6},"end":{"line":65,"column":null}},"9":{"start":{"line":65,"column":29},"end":{"line":65,"column":null}},"10":{"start":{"line":66,"column":6},"end":{"line":66,"column":null}},"11":{"start":{"line":66,"column":29},"end":{"line":66,"column":null}},"12":{"start":{"line":67,"column":6},"end":{"line":67,"column":null}},"13":{"start":{"line":67,"column":26},"end":{"line":67,"column":null}},"14":{"start":{"line":68,"column":6},"end":{"line":68,"column":null}},"15":{"start":{"line":68,"column":27},"end":{"line":68,"column":null}},"16":{"start":{"line":69,"column":6},"end":{"line":69,"column":null}},"17":{"start":{"line":69,"column":30},"end":{"line":69,"column":null}},"18":{"start":{"line":70,"column":6},"end":{"line":70,"column":null}},"19":{"start":{"line":71,"column":6},"end":{"line":71,"column":null}},"20":{"start":{"line":73,"column":28},"end":{"line":73,"column":75}},"21":{"start":{"line":74,"column":6},"end":{"line":78,"column":null}},"22":{"start":{"line":80,"column":6},"end":{"line":80,"column":null}},"23":{"start":{"line":85,"column":4},"end":{"line":88,"column":null}},"24":{"start":{"line":86,"column":28},"end":{"line":86,"column":56}},"25":{"start":{"line":87,"column":6},"end":{"line":87,"column":null}},"26":{"start":{"line":94,"column":4},"end":{"line":94,"column":null}},"27":{"start":{"line":95,"column":4},"end":{"line":99,"column":null}},"28":{"start":{"line":96,"column":28},"end":{"line":96,"column":60}},"29":{"start":{"line":97,"column":6},"end":{"line":97,"column":null}},"30":{"start":{"line":99,"column":6},"end":{"line":99,"column":null}},"31":{"start":{"line":104,"column":4},"end":{"line":107,"column":null}},"32":{"start":{"line":104,"column":20},"end":{"line":107,"column":7}},"33":{"start":{"line":110,"column":21},"end":{"line":110,"column":null}}},"fnMap":{"0":{"name":"(anonymous_0)","decl":{"start":{"line":49,"column":31},"end":{"line":49,"column":53}},"loc":{"start":{"line":49,"column":67},"end":{"line":111,"column":3}},"line":49},"1":{"name":"(anonymous_1)","decl":{"start":{"line":59,"column":17},"end":{"line":59,"column":29}},"loc":{"start":{"line":59,"column":29},"end":{"line":80,"column":null}},"line":59},"2":{"name":"(anonymous_2)","decl":{"start":{"line":84,"column":19},"end":{"line":84,"column":31}},"loc":{"start":{"line":84,"column":31},"end":{"line":88,"column":null}},"line":84},"3":{"name":"(anonymous_3)","decl":{"start":{"line":93,"column":20},"end":{"line":93,"column":27}},"loc":{"start":{"line":93,"column":34},"end":{"line":99,"column":null}},"line":93},"4":{"name":"(anonymous_4)","decl":{"start":{"line":103,"column":2},"end":{"line":103,"column":15}},"loc":{"start":{"line":103,"column":30},"end":{"line":107,"column":null}},"line":103},"5":{"name":"(anonymous_5)","decl":{"start":{"line":104,"column":4},"end":{"line":104,"column":9}},"loc":{"start":{"line":104,"column":20},"end":{"line":107,"column":7}},"line":104},"6":{"name":"(anonymous_6)","decl":{"start":{"line":110,"column":2},"end":{"line":110,"column":12}},"loc":{"start":{"line":110,"column":21},"end":{"line":110,"column":null}},"line":110}},"branchMap":{"0":{"loc":{"start":{"line":64,"column":6},"end":{"line":64,"column":null}},"type":"if","locations":[{"start":{"line":64,"column":6},"end":{"line":64,"column":null}},{"start":{},"end":{}}],"line":64},"1":{"loc":{"start":{"line":65,"column":6},"end":{"line":65,"column":null}},"type":"if","locations":[{"start":{"line":65,"column":6},"end":{"line":65,"column":null}},{"start":{},"end":{}}],"line":65},"2":{"loc":{"start":{"line":66,"column":6},"end":{"line":66,"column":null}},"type":"if","locations":[{"start":{"line":66,"column":6},"end":{"line":66,"column":null}},{"start":{},"end":{}}],"line":66},"3":{"loc":{"start":{"line":67,"column":6},"end":{"line":67,"column":null}},"type":"if","locations":[{"start":{"line":67,"column":6},"end":{"line":67,"column":null}},{"start":{},"end":{}}],"line":67},"4":{"loc":{"start":{"line":68,"column":6},"end":{"line":68,"column":null}},"type":"if","locations":[{"start":{"line":68,"column":6},"end":{"line":68,"column":null}},{"start":{},"end":{}}],"line":68},"5":{"loc":{"start":{"line":69,"column":6},"end":{"line":69,"column":null}},"type":"if","locations":[{"start":{"line":69,"column":6},"end":{"line":69,"column":null}},{"start":{},"end":{}}],"line":69},"6":{"loc":{"start":{"line":75,"column":18},"end":{"line":75,"column":32}},"type":"binary-expr","locations":[{"start":{"line":75,"column":18},"end":{"line":75,"column":30}},{"start":{"line":75,"column":30},"end":{"line":75,"column":32}}],"line":75},"7":{"loc":{"start":{"line":76,"column":15},"end":{"line":76,"column":null}},"type":"binary-expr","locations":[{"start":{"line":76,"column":15},"end":{"line":76,"column":28}},{"start":{"line":76,"column":28},"end":{"line":76,"column":null}}],"line":76},"8":{"loc":{"start":{"line":87,"column":24},"end":{"line":87,"column":38}},"type":"binary-expr","locations":[{"start":{"line":87,"column":24},"end":{"line":87,"column":36}},{"start":{"line":87,"column":36},"end":{"line":87,"column":38}}],"line":87}},"s":{"0":1,"1":1,"2":4,"3":4,"4":4,"5":4,"6":4,"7":1,"8":4,"9":1,"10":4,"11":1,"12":4,"13":1,"14":4,"15":0,"16":4,"17":0,"18":4,"19":4,"20":4,"21":3,"22":1,"23":2,"24":2,"25":1,"26":2,"27":2,"28":2,"29":1,"30":1,"31":2,"32":2,"33":2},"f":{"0":1,"1":4,"2":2,"3":2,"4":2,"5":2,"6":2},"b":{"0":[1,3],"1":[1,3],"2":[1,3],"3":[1,3],"4":[0,4],"5":[0,4],"6":[3,1],"7":[4,2],"8":[1,0]},"meta":{"lastBranch":9,"lastFunction":7,"lastStatement":34,"seen":{"s:49:13:111:3":0,"f:49:31:49:53":0,"s:49:67:111:3":1,"f:59:17:59:29":1,"s:60:4:60:Infinity":2,"s:61:37:61:42":3,"s:62:4:80:Infinity":4,"s:63:21:63:42":5,"b:64:6:64:Infinity:undefined:undefined:undefined:undefined":0,"s:64:6:64:Infinity":6,"s:64:31:64:Infinity":7,"b:65:6:65:Infinity:undefined:undefined:undefined:undefined":1,"s:65:6:65:Infinity":8,"s:65:29:65:Infinity":9,"b:66:6:66:Infinity:undefined:undefined:undefined:undefined":2,"s:66:6:66:Infinity":10,"s:66:29:66:Infinity":11,"b:67:6:67:Infinity:undefined:undefined:undefined:undefined":3,"s:67:6:67:Infinity":12,"s:67:26:67:Infinity":13,"b:68:6:68:Infinity:undefined:undefined:undefined:undefined":4,"s:68:6:68:Infinity":14,"s:68:27:68:Infinity":15,"b:69:6:69:Infinity:undefined:undefined:undefined:undefined":5,"s:69:6:69:Infinity":16,"s:69:30:69:Infinity":17,"s:70:6:70:Infinity":18,"s:71:6:71:Infinity":19,"s:73:28:73:75":20,"s:74:6:78:Infinity":21,"b:75:18:75:30:75:30:75:32":6,"b:76:15:76:28:76:28:76:Infinity":7,"s:80:6:80:Infinity":22,"f:84:19:84:31":2,"s:85:4:88:Infinity":23,"s:86:28:86:56":24,"s:87:6:87:Infinity":25,"b:87:24:87:36:87:36:87:38":8,"f:93:20:93:27":3,"s:94:4:94:Infinity":26,"s:95:4:99:Infinity":27,"s:96:28:96:60":28,"s:97:6:97:Infinity":29,"s:99:6:99:Infinity":30,"f:103:2:103:15":4,"s:104:4:107:Infinity":31,"f:104:4:104:9":5,"s:104:20:107:7":32,"f:110:2:110:12":6,"s:110:21:110:Infinity":33}}}
,"C:\\Users\\abeno\\OneDrive\\Рабочий стол\\ecommerce-qa\\apps\\client\\src\\shared\\hooks\\useDebounce.ts": {"path":"C:\\Users\\abeno\\OneDrive\\Рабочий стол\\ecommerce-qa\\apps\\client\\src\\shared\\hooks\\useDebounce.ts","statementMap":{"0":{"start":{"line":4,"column":20},"end":{"line":4,"column":51}},"1":{"start":{"line":6,"column":2},"end":{"line":9,"column":null}},"2":{"start":{"line":7,"column":18},"end":{"line":7,"column":62}},"3":{"start":{"line":7,"column":35},"end":{"line":7,"column":54}},"4":{"start":{"line":8,"column":4},"end":{"line":8,"column":null}},"5":{"start":{"line":8,"column":17},"end":{"line":8,"column":36}},"6":{"start":{"line":11,"column":2},"end":{"line":11,"column":null}}},"fnMap":{"0":{"name":"useDebounce","decl":{"start":{"line":3,"column":16},"end":{"line":3,"column":31}},"loc":{"start":{"line":3,"column":57},"end":{"line":11,"column":null}},"line":3},"1":{"name":"(anonymous_1)","decl":{"start":{"line":6,"column":2},"end":{"line":6,"column":18}},"loc":{"start":{"line":6,"column":18},"end":{"line":9,"column":6}},"line":6},"2":{"name":"(anonymous_2)","decl":{"start":{"line":7,"column":18},"end":{"line":7,"column":35}},"loc":{"start":{"line":7,"column":35},"end":{"line":7,"column":54}},"line":7},"3":{"name":"(anonymous_3)","decl":{"start":{"line":8,"column":4},"end":{"line":8,"column":17}},"loc":{"start":{"line":8,"column":17},"end":{"line":8,"column":36}},"line":8}},"branchMap":{"0":{"loc":{"start":{"line":3,"column":41},"end":{"line":3,"column":57}},"type":"default-arg","locations":[{"start":{"line":3,"column":49},"end":{"line":3,"column":57}}],"line":3}},"s":{"0":20,"1":20,"2":15,"3":5,"4":15,"5":15,"6":20},"f":{"0":20,"1":15,"2":5,"3":15},"b":{"0":[20]},"meta":{"lastBranch":1,"lastFunction":4,"lastStatement":7,"seen":{"f:3:16:3:31":0,"b:3:49:3:57":0,"s:4:20:4:51":0,"s:6:2:9:Infinity":1,"f:6:2:6:18":1,"s:7:18:7:62":2,"f:7:18:7:35":2,"s:7:35:7:54":3,"s:8:4:8:Infinity":4,"f:8:4:8:17":3,"s:8:17:8:36":5,"s:11:2:11:Infinity":6}}}
,"C:\\Users\\abeno\\OneDrive\\Рабочий стол\\ecommerce-qa\\apps\\client\\src\\shared\\lib\\formatters.ts": {"path":"C:\\Users\\abeno\\OneDrive\\Рабочий стол\\ecommerce-qa\\apps\\client\\src\\shared\\lib\\formatters.ts","statementMap":{"0":{"start":{"line":2,"column":2},"end":{"line":5,"column":null}},"1":{"start":{"line":9,"column":2},"end":{"line":9,"column":null}},"2":{"start":{"line":9,"column":21},"end":{"line":9,"column":null}},"3":{"start":{"line":10,"column":2},"end":{"line":10,"column":null}}},"fnMap":{"0":{"name":"formatPrice","decl":{"start":{"line":1,"column":16},"end":{"line":1,"column":28}},"loc":{"start":{"line":1,"column":51},"end":{"line":5,"column":null}},"line":1},"1":{"name":"calcDiscountedPrice","decl":{"start":{"line":8,"column":16},"end":{"line":8,"column":36}},"loc":{"start":{"line":8,"column":77},"end":{"line":10,"column":null}},"line":8}},"branchMap":{"0":{"loc":{"start":{"line":9,"column":2},"end":{"line":9,"column":null}},"type":"if","locations":[{"start":{"line":9,"column":2},"end":{"line":9,"column":null}},{"start":{},"end":{}}],"line":9}},"s":{"0":9,"1":13,"2":4,"3":9},"f":{"0":9,"1":13},"b":{"0":[4,9]},"meta":{"lastBranch":1,"lastFunction":2,"lastStatement":4,"seen":{"f:1:16:1:28":0,"s:2:2:5:Infinity":0,"f:8:16:8:36":1,"b:9:2:9:Infinity:undefined:undefined:undefined:undefined":0,"s:9:2:9:Infinity":1,"s:9:21:9:Infinity":2,"s:10:2:10:Infinity":3}}}
}
