TN:
SF:src\features\auth\authStore.ts
FN:28,(anonymous_0)
FN:34,(anonymous_1)
FN:51,(anonymous_2)
FN:72,(anonymous_3)
FN:78,(anonymous_4)
FN:92,(anonymous_5)
FNF:6
FNH:6
FNDA:1,(anonymous_0)
FNDA:4,(anonymous_1)
FNDA:3,(anonymous_2)
FNDA:1,(anonymous_3)
FNDA:3,(anonymous_4)
FNDA:1,(anonymous_5)
DA:28,1
DA:35,4
DA:36,4
DA:37,4
DA:38,2
DA:39,2
DA:40,2
DA:41,2
DA:43,2
DA:44,2
DA:52,3
DA:53,3
DA:54,3
DA:59,1
DA:60,1
DA:61,1
DA:62,1
DA:64,2
DA:65,2
DA:73,1
DA:74,1
DA:75,1
DA:79,3
DA:80,3
DA:81,3
DA:82,2
DA:83,2
DA:84,2
DA:86,1
DA:87,1
DA:92,1
LF:31
LH:31
BRDA:45,0,0,2
BRDA:45,0,1,1
BRDA:66,1,0,2
BRDA:66,1,1,1
BRDA:81,2,0,2
BRDA:81,2,1,1
BRDA:81,3,0,3
BRDA:81,3,1,2
BRF:8
BRH:8
end_of_record
TN:
SF:src\features\cart\cartStore.ts
FN:30,calcTotals
FN:45,(anonymous_1)
FN:51,(anonymous_2)
FN:62,(anonymous_3)
FN:71,(anonymous_4)
FN:80,(anonymous_5)
FN:89,(anonymous_6)
FNF:7
FNH:7
FNDA:12,calcTotals
FNDA:2,(anonymous_1)
FNDA:9,(anonymous_2)
FNDA:3,(anonymous_3)
FNDA:2,(anonymous_4)
FNDA:2,(anonymous_5)
FNDA:2,(anonymous_6)
DA:31,12
DA:32,12
DA:33,12
DA:34,8
DA:35,8
DA:36,7
DA:39,7
DA:42,12
DA:45,2
DA:52,9
DA:53,9
DA:54,9
DA:55,8
DA:56,9
DA:58,1
DA:63,3
DA:64,3
DA:65,2
DA:72,2
DA:73,2
DA:74,1
DA:81,2
DA:82,2
DA:83,1
DA:90,2
DA:91,2
DA:92,1
LF:27
LH:27
BRDA:35,0,0,7
BRDA:35,0,1,1
BRDA:36,1,0,3
BRDA:36,1,1,4
BRDA:55,2,0,8
BRDA:55,2,1,1
BRDA:62,3,0,3
BRF:7
BRH:7
end_of_record
TN:
SF:src\features\catalog\productStore.ts
FN:49,(anonymous_0)
FN:59,(anonymous_1)
FN:84,(anonymous_2)
FN:93,(anonymous_3)
FN:103,(anonymous_4)
FN:104,(anonymous_5)
FN:110,(anonymous_6)
FNF:7
FNH:7
FNDA:1,(anonymous_0)
FNDA:4,(anonymous_1)
FNDA:2,(anonymous_2)
FNDA:2,(anonymous_3)
FNDA:2,(anonymous_4)
FNDA:2,(anonymous_5)
FNDA:2,(anonymous_6)
DA:49,1
DA:60,4
DA:61,4
DA:62,4
DA:63,4
DA:64,4
DA:65,4
DA:66,4
DA:67,4
DA:68,4
DA:69,4
DA:70,4
DA:71,4
DA:73,4
DA:74,3
DA:80,1
DA:85,2
DA:86,2
DA:87,1
DA:94,2
DA:95,2
DA:96,2
DA:97,1
DA:99,1
DA:104,2
DA:110,2
LF:26
LH:26
BRDA:64,0,0,1
BRDA:64,0,1,3
BRDA:65,1,0,1
BRDA:65,1,1,3
BRDA:66,2,0,1
BRDA:66,2,1,3
BRDA:67,3,0,1
BRDA:67,3,1,3
BRDA:68,4,0,0
BRDA:68,4,1,4
BRDA:69,5,0,0
BRDA:69,5,1,4
BRDA:75,6,0,3
BRDA:75,6,1,1
BRDA:76,7,0,4
BRDA:76,7,1,2
BRDA:87,8,0,1
BRDA:87,8,1,0
BRF:18
BRH:15
end_of_record
TN:
SF:src\shared\hooks\useDebounce.ts
FN:3,useDebounce
FN:6,(anonymous_1)
FN:7,(anonymous_2)
FN:8,(anonymous_3)
FNF:4
FNH:4
FNDA:20,useDebounce
FNDA:15,(anonymous_1)
FNDA:5,(anonymous_2)
FNDA:15,(anonymous_3)
DA:4,20
DA:6,20
DA:7,15
DA:8,15
DA:11,20
LF:5
LH:5
BRDA:3,0,0,20
BRF:1
BRH:1
end_of_record
TN:
SF:src\shared\lib\formatters.ts
FN:1,formatPrice
FN:8,calcDiscountedPrice
FNF:2
FNH:2
FNDA:9,formatPrice
FNDA:13,calcDiscountedPrice
DA:2,9
DA:9,13
DA:10,9
LF:3
LH:3
BRDA:9,0,0,4
BRDA:9,0,1,9
BRF:2
BRH:2
end_of_record
